[ 2013-05-23T00:41:35+08:00 ] 0.0.0.0 /~miro/se/index.php/User/register
INFO: [ route_check ] --START--
INFO: Run CheckRoute Behavior [ RunTime:0.466484s ]
INFO: [ route_check ] --END-- [ RunTime:0.570391s ]
INFO: [ app_begin ] --START--
INFO: Run ReadHtmlCache Behavior [ RunTime:0.101290s ]
INFO: [ app_begin ] --END-- [ RunTime:0.151514s ]
NOTIC: [8] A session had already been started - ignoring session_start() /Users/miro/developer/ThinkPHP/Common/functions.php 第 566 行.
INFO: [ view_template ] --START--
INFO: Run LocationTemplate Behavior [ RunTime:0.167475s ]
INFO: [ view_template ] --END-- [ RunTime:0.206965s ]
INFO: [ view_parse ] --START--
INFO: Run ParseTemplate Behavior [ RunTime:1.623117s ]
INFO: [ view_parse ] --END-- [ RunTime:1.668147s ]
INFO: [ view_filter ] --START--
INFO: Run ContentReplace Behavior [ RunTime:0.060857s ]
INFO: Run TokenBuild Behavior [ RunTime:0.102159s ]
INFO: Run WriteHtmlCache Behavior [ RunTime:0.053782s ]
INFO: Run ShowRuntime Behavior [ RunTime:0.080426s ]
INFO: [ view_filter ] --END-- [ RunTime:0.297483s ]
INFO: [ view_end ] --START--
INFO: Run ShowPageTrace Behavior [ RunTime:0.026430s ]
INFO: [ view_end ] --END-- [ RunTime:0.026505s ]

[ 2013-05-23T09:44:44+08:00 ] 0.0.0.0 /~miro/se/index.php/User/register
INFO: [ route_check ] --START--
INFO: Run CheckRoute Behavior [ RunTime:0.289172s ]
INFO: [ route_check ] --END-- [ RunTime:0.289339s ]
INFO: [ app_begin ] --START--
INFO: Run ReadHtmlCache Behavior [ RunTime:0.268284s ]
INFO: [ app_begin ] --END-- [ RunTime:0.268504s ]
NOTIC: [8] A session had already been started - ignoring session_start() /Users/miro/developer/ThinkPHP/Common/functions.php 第 566 行.
INFO: [ view_template ] --START--
INFO: Run LocationTemplate Behavior [ RunTime:0.321034s ]
INFO: [ view_template ] --END-- [ RunTime:0.321253s ]
INFO: [ view_parse ] --START--
INFO: Run ParseTemplate Behavior [ RunTime:4.622619s ]
INFO: [ view_parse ] --END-- [ RunTime:4.622769s ]
INFO: [ view_filter ] --START--
INFO: Run ContentReplace Behavior [ RunTime:0.098453s ]
INFO: Run TokenBuild Behavior [ RunTime:0.157207s ]
INFO: Run WriteHtmlCache Behavior [ RunTime:0.073302s ]
INFO: Run ShowRuntime Behavior [ RunTime:0.342115s ]
INFO: [ view_filter ] --END-- [ RunTime:0.671348s ]
INFO: [ view_end ] --START--
INFO: Run ShowPageTrace Behavior [ RunTime:0.164225s ]
INFO: [ view_end ] --END-- [ RunTime:0.164308s ]

[ 2013-05-23T22:52:48+08:00 ] 0.0.0.0 /~miro/se/index.php/Order/addInfo
INFO: [ route_check ] --START--
INFO: Run CheckRoute Behavior [ RunTime:0.053300s ]
INFO: [ route_check ] --END-- [ RunTime:0.055122s ]
INFO: [ app_begin ] --START--
INFO: Run ReadHtmlCache Behavior [ RunTime:0.001322s ]
INFO: [ app_begin ] --END-- [ RunTime:0.001707s ]
NOTIC: [8] A session had already been started - ignoring session_start() /Users/miro/developer/ThinkPHP/Common/functions.php 第 566 行.
ERR: 无法加载模块:Order

[ 2013-05-23T22:54:40+08:00 ] 0.0.0.0 /~miro/se/index.php/Form/register
INFO: [ route_check ] --START--
INFO: Run CheckRoute Behavior [ RunTime:0.026069s ]
INFO: [ route_check ] --END-- [ RunTime:0.026219s ]
INFO: [ app_begin ] --START--
INFO: Run ReadHtmlCache Behavior [ RunTime:0.000514s ]
INFO: [ app_begin ] --END-- [ RunTime:0.000586s ]
NOTIC: [8] A session had already been started - ignoring session_start() /Users/miro/developer/ThinkPHP/Common/functions.php 第 566 行.
ERR: 无法加载模块:Form

[ 2013-05-23T22:54:48+08:00 ] 0.0.0.0 /~miro/se/index.php/User/register
INFO: [ route_check ] --START--
INFO: Run CheckRoute Behavior [ RunTime:0.000579s ]
INFO: [ route_check ] --END-- [ RunTime:0.000659s ]
INFO: [ app_begin ] --START--
INFO: Run ReadHtmlCache Behavior [ RunTime:0.000360s ]
INFO: [ app_begin ] --END-- [ RunTime:0.000410s ]
NOTIC: [8] A session had already been started - ignoring session_start() /Users/miro/developer/ThinkPHP/Common/functions.php 第 566 行.
INFO: [ view_template ] --START--
INFO: Run LocationTemplate Behavior [ RunTime:0.221078s ]
INFO: [ view_template ] --END-- [ RunTime:0.238300s ]
INFO: [ view_parse ] --START--
INFO: Run ParseTemplate Behavior [ RunTime:0.951292s ]
INFO: [ view_parse ] --END-- [ RunTime:0.991143s ]
INFO: [ view_filter ] --START--
INFO: Run ContentReplace Behavior [ RunTime:0.042485s ]
INFO: Run TokenBuild Behavior [ RunTime:0.043965s ]
INFO: Run WriteHtmlCache Behavior [ RunTime:0.063318s ]
INFO: Run ShowRuntime Behavior [ RunTime:0.021982s ]
INFO: [ view_filter ] --END-- [ RunTime:0.172148s ]
INFO: [ view_end ] --START--
INFO: Run ShowPageTrace Behavior [ RunTime:0.016761s ]
INFO: [ view_end ] --END-- [ RunTime:0.017904s ]

[ 2013-05-23T22:55:05+08:00 ] 0.0.0.0 /~miro/se/index.php/Order/addInfo
INFO: [ route_check ] --START--
INFO: Run CheckRoute Behavior [ RunTime:0.000670s ]
INFO: [ route_check ] --END-- [ RunTime:0.000757s ]
INFO: [ app_begin ] --START--
INFO: Run ReadHtmlCache Behavior [ RunTime:0.000395s ]
INFO: [ app_begin ] --END-- [ RunTime:0.000451s ]
NOTIC: [8] A session had already been started - ignoring session_start() /Users/miro/developer/ThinkPHP/Common/functions.php 第 566 行.
ERR: 无法加载模块:Order

[ 2013-05-23T22:56:46+08:00 ] 0.0.0.0 /~miro/se/index.php/User/register
INFO: [ route_check ] --START--
INFO: Run CheckRoute Behavior [ RunTime:0.000584s ]
INFO: [ route_check ] --END-- [ RunTime:0.000666s ]
INFO: [ app_begin ] --START--
INFO: Run ReadHtmlCache Behavior [ RunTime:0.000375s ]
INFO: [ app_begin ] --END-- [ RunTime:0.000431s ]
NOTIC: [8] A session had already been started - ignoring session_start() /Users/miro/developer/ThinkPHP/Common/functions.php 第 566 行.
INFO: [ view_template ] --START--
INFO: Run LocationTemplate Behavior [ RunTime:0.000214s ]
INFO: [ view_template ] --END-- [ RunTime:0.000274s ]
INFO: [ view_parse ] --START--
INFO: Run ParseTemplate Behavior [ RunTime:0.005361s ]
INFO: [ view_parse ] --END-- [ RunTime:0.005479s ]
INFO: [ view_filter ] --START--
INFO: Run ContentReplace Behavior [ RunTime:0.000254s ]
INFO: Run TokenBuild Behavior [ RunTime:0.000216s ]
INFO: Run WriteHtmlCache Behavior [ RunTime:0.000138s ]
INFO: Run ShowRuntime Behavior [ RunTime:0.000295s ]
INFO: [ view_filter ] --END-- [ RunTime:0.001045s ]
INFO: [ view_end ] --START--
INFO: Run ShowPageTrace Behavior [ RunTime:0.000403s ]
INFO: [ view_end ] --END-- [ RunTime:0.000454s ]

[ 2013-05-23T22:57:03+08:00 ] 0.0.0.0 /~miro/se/index.php/User/insert
INFO: [ route_check ] --START--
INFO: Run CheckRoute Behavior [ RunTime:0.000561s ]
INFO: [ route_check ] --END-- [ RunTime:0.000632s ]
INFO: [ app_begin ] --START--
INFO: Run ReadHtmlCache Behavior [ RunTime:0.000339s ]
INFO: [ app_begin ] --END-- [ RunTime:0.000399s ]
NOTIC: [8] A session had already been started - ignoring session_start() /Users/miro/developer/ThinkPHP/Common/functions.php 第 566 行.
SQL: SHOW COLUMNS FROM `se_user` [ RunTime:0.021823s ]
SQL: INSERT INTO `se_user` (`name`,`password`,`status`) VALUES ('zhangtianze','123456',1) [ RunTime:0.333274s ]
INFO: [ view_template ] --START--
INFO: Run LocationTemplate Behavior [ RunTime:0.000452s ]
INFO: [ view_template ] --END-- [ RunTime:0.000520s ]
INFO: [ view_parse ] --START--
INFO: Run ParseTemplate Behavior [ RunTime:0.032468s ]
INFO: [ view_parse ] --END-- [ RunTime:0.032561s ]
INFO: [ view_filter ] --START--
INFO: Run ContentReplace Behavior [ RunTime:0.000489s ]
INFO: Run TokenBuild Behavior [ RunTime:0.000277s ]
INFO: Run WriteHtmlCache Behavior [ RunTime:0.000140s ]
INFO: Run ShowRuntime Behavior [ RunTime:0.000425s ]
INFO: [ view_filter ] --END-- [ RunTime:0.001592s ]
INFO: [ view_end ] --START--
INFO: Run ShowPageTrace Behavior [ RunTime:0.000471s ]
INFO: [ view_end ] --END-- [ RunTime:0.000525s ]

[ 2013-05-23T22:57:04+08:00 ] 0.0.0.0 /~miro/se/index.php/User/register
INFO: [ route_check ] --START--
INFO: Run CheckRoute Behavior [ RunTime:0.000549s ]
INFO: [ route_check ] --END-- [ RunTime:0.000618s ]
INFO: [ app_begin ] --START--
INFO: Run ReadHtmlCache Behavior [ RunTime:0.000339s ]
INFO: [ app_begin ] --END-- [ RunTime:0.000387s ]
NOTIC: [8] A session had already been started - ignoring session_start() /Users/miro/developer/ThinkPHP/Common/functions.php 第 566 行.
INFO: [ view_template ] --START--
INFO: Run LocationTemplate Behavior [ RunTime:0.000198s ]
INFO: [ view_template ] --END-- [ RunTime:0.000252s ]
INFO: [ view_parse ] --START--
INFO: Run ParseTemplate Behavior [ RunTime:0.004605s ]
INFO: [ view_parse ] --END-- [ RunTime:0.004676s ]
INFO: [ view_filter ] --START--
INFO: Run ContentReplace Behavior [ RunTime:0.000207s ]
INFO: Run TokenBuild Behavior [ RunTime:0.000212s ]
INFO: Run WriteHtmlCache Behavior [ RunTime:0.000145s ]
INFO: Run ShowRuntime Behavior [ RunTime:0.000283s ]
INFO: [ view_filter ] --END-- [ RunTime:0.000984s ]
INFO: [ view_end ] --START--
INFO: Run ShowPageTrace Behavior [ RunTime:0.000393s ]
INFO: [ view_end ] --END-- [ RunTime:0.000442s ]

[ 2013-05-23T22:59:03+08:00 ] 0.0.0.0 /~miro/se/index.php/Order/addInfo
INFO: [ route_check ] --START--
INFO: Run CheckRoute Behavior [ RunTime:0.000598s ]
INFO: [ route_check ] --END-- [ RunTime:0.000675s ]
INFO: [ app_begin ] --START--
INFO: Run ReadHtmlCache Behavior [ RunTime:0.000372s ]
INFO: [ app_begin ] --END-- [ RunTime:0.000423s ]
NOTIC: [8] A session had already been started - ignoring session_start() /Users/miro/developer/ThinkPHP/Common/functions.php 第 566 行.
INFO: [ view_template ] --START--
INFO: Run LocationTemplate Behavior [ RunTime:0.002708s ]
INFO: [ view_template ] --END-- [ RunTime:0.002784s ]
INFO: [ view_parse ] --START--
INFO: Run ParseTemplate Behavior [ RunTime:0.009695s ]
INFO: [ view_parse ] --END-- [ RunTime:0.009784s ]
INFO: [ view_filter ] --START--
INFO: Run ContentReplace Behavior [ RunTime:0.000273s ]
INFO: Run TokenBuild Behavior [ RunTime:0.000246s ]
INFO: Run WriteHtmlCache Behavior [ RunTime:0.000144s ]
INFO: Run ShowRuntime Behavior [ RunTime:0.000309s ]
INFO: [ view_filter ] --END-- [ RunTime:0.001126s ]
INFO: [ view_end ] --START--
INFO: Run ShowPageTrace Behavior [ RunTime:0.000434s ]
INFO: [ view_end ] --END-- [ RunTime:0.000493s ]

[ 2013-05-23T22:59:23+08:00 ] 0.0.0.0 /~miro/se/index.php/Order/insert
INFO: [ route_check ] --START--
INFO: Run CheckRoute Behavior [ RunTime:0.000656s ]
INFO: [ route_check ] --END-- [ RunTime:0.000746s ]
INFO: [ app_begin ] --START--
INFO: Run ReadHtmlCache Behavior [ RunTime:0.000535s ]
INFO: [ app_begin ] --END-- [ RunTime:0.000603s ]
NOTIC: [8] A session had already been started - ignoring session_start() /Users/miro/developer/ThinkPHP/Common/functions.php 第 566 行.
SQL: SHOW COLUMNS FROM `se_order` [ RunTime:0.003672s ]
SQL: INSERT INTO `se_order` (`user_id`,`goods_id`,`state`,`price`) VALUES (1234,'1111',1,10) [ RunTime:0.016072s ]
INFO: [ view_template ] --START--
INFO: Run LocationTemplate Behavior [ RunTime:0.000672s ]
INFO: [ view_template ] --END-- [ RunTime:0.000740s ]
INFO: [ view_parse ] --START--
INFO: Run ParseTemplate Behavior [ RunTime:0.006296s ]
INFO: [ view_parse ] --END-- [ RunTime:0.006402s ]
INFO: [ view_filter ] --START--
INFO: Run ContentReplace Behavior [ RunTime:0.000248s ]
INFO: Run TokenBuild Behavior [ RunTime:0.000319s ]
INFO: Run WriteHtmlCache Behavior [ RunTime:0.000151s ]
INFO: Run ShowRuntime Behavior [ RunTime:0.000301s ]
INFO: [ view_filter ] --END-- [ RunTime:0.001157s ]
INFO: [ view_end ] --START--
INFO: Run ShowPageTrace Behavior [ RunTime:0.000758s ]
INFO: [ view_end ] --END-- [ RunTime:0.000811s ]

[ 2013-05-23T22:59:24+08:00 ] 0.0.0.0 /~miro/se/index.php/Order/addInfo
INFO: [ route_check ] --START--
INFO: Run CheckRoute Behavior [ RunTime:0.000647s ]
INFO: [ route_check ] --END-- [ RunTime:0.000733s ]
INFO: [ app_begin ] --START--
INFO: Run ReadHtmlCache Behavior [ RunTime:0.000424s ]
INFO: [ app_begin ] --END-- [ RunTime:0.000477s ]
NOTIC: [8] A session had already been started - ignoring session_start() /Users/miro/developer/ThinkPHP/Common/functions.php 第 566 行.
INFO: [ view_template ] --START--
INFO: Run LocationTemplate Behavior [ RunTime:0.000211s ]
INFO: [ view_template ] --END-- [ RunTime:0.000283s ]
INFO: [ view_parse ] --START--
INFO: Run ParseTemplate Behavior [ RunTime:0.006695s ]
INFO: [ view_parse ] --END-- [ RunTime:0.006801s ]
INFO: [ view_filter ] --START--
INFO: Run ContentReplace Behavior [ RunTime:0.000332s ]
INFO: Run TokenBuild Behavior [ RunTime:0.003073s ]
INFO: Run WriteHtmlCache Behavior [ RunTime:0.000241s ]
INFO: Run ShowRuntime Behavior [ RunTime:0.000349s ]
INFO: [ view_filter ] --END-- [ RunTime:0.004193s ]
INFO: [ view_end ] --START--
INFO: Run ShowPageTrace Behavior [ RunTime:0.000559s ]
INFO: [ view_end ] --END-- [ RunTime:0.000630s ]

[ 2013-05-23T22:59:47+08:00 ] 0.0.0.0 /~miro/se/index.php/Order/insert
INFO: [ route_check ] --START--
INFO: Run CheckRoute Behavior [ RunTime:0.000559s ]
INFO: [ route_check ] --END-- [ RunTime:0.000633s ]
INFO: [ app_begin ] --START--
INFO: Run ReadHtmlCache Behavior [ RunTime:0.000364s ]
INFO: [ app_begin ] --END-- [ RunTime:0.000418s ]
NOTIC: [8] A session had already been started - ignoring session_start() /Users/miro/developer/ThinkPHP/Common/functions.php 第 566 行.
SQL: SHOW COLUMNS FROM `se_order` [ RunTime:0.011613s ]
SQL: INSERT INTO `se_order` (`user_id`,`goods_id`,`state`,`price`) VALUES (0,'',0,0) [ RunTime:0.027972s ]
INFO: [ view_template ] --START--
INFO: Run LocationTemplate Behavior [ RunTime:0.000418s ]
INFO: [ view_template ] --END-- [ RunTime:0.000487s ]
INFO: [ view_parse ] --START--
INFO: Run ParseTemplate Behavior [ RunTime:0.006818s ]
INFO: [ view_parse ] --END-- [ RunTime:0.006905s ]
INFO: [ view_filter ] --START--
INFO: Run ContentReplace Behavior [ RunTime:0.000244s ]
INFO: Run TokenBuild Behavior [ RunTime:0.000241s ]
INFO: Run WriteHtmlCache Behavior [ RunTime:0.000130s ]
INFO: Run ShowRuntime Behavior [ RunTime:0.000309s ]
INFO: [ view_filter ] --END-- [ RunTime:0.001076s ]
INFO: [ view_end ] --START--
INFO: Run ShowPageTrace Behavior [ RunTime:0.000468s ]
INFO: [ view_end ] --END-- [ RunTime:0.000522s ]

[ 2013-05-23T22:59:48+08:00 ] 0.0.0.0 /~miro/se/index.php/Order/addInfo
INFO: [ route_check ] --START--
INFO: Run CheckRoute Behavior [ RunTime:0.000780s ]
INFO: [ route_check ] --END-- [ RunTime:0.000931s ]
INFO: [ app_begin ] --START--
INFO: Run ReadHtmlCache Behavior [ RunTime:0.000433s ]
INFO: [ app_begin ] --END-- [ RunTime:0.000496s ]
NOTIC: [8] A session had already been started - ignoring session_start() /Users/miro/developer/ThinkPHP/Common/functions.php 第 566 行.
INFO: [ view_template ] --START--
INFO: Run LocationTemplate Behavior [ RunTime:0.000244s ]
INFO: [ view_template ] --END-- [ RunTime:0.000315s ]
INFO: [ view_parse ] --START--
INFO: Run ParseTemplate Behavior [ RunTime:0.013483s ]
INFO: [ view_parse ] --END-- [ RunTime:0.013583s ]
INFO: [ view_filter ] --START--
INFO: Run ContentReplace Behavior [ RunTime:0.000275s ]
INFO: Run TokenBuild Behavior [ RunTime:0.000311s ]
INFO: Run WriteHtmlCache Behavior [ RunTime:0.000212s ]
INFO: Run ShowRuntime Behavior [ RunTime:0.000304s ]
INFO: [ view_filter ] --END-- [ RunTime:0.001265s ]
INFO: [ view_end ] --START--
INFO: Run ShowPageTrace Behavior [ RunTime:0.000428s ]
INFO: [ view_end ] --END-- [ RunTime:0.000481s ]

[ 2013-05-23T23:00:11+08:00 ] 0.0.0.0 /~miro/se/index.php/Order/insert
INFO: [ route_check ] --START--
INFO: Run CheckRoute Behavior [ RunTime:0.000569s ]
INFO: [ route_check ] --END-- [ RunTime:0.000645s ]
INFO: [ app_begin ] --START--
INFO: Run ReadHtmlCache Behavior [ RunTime:0.000352s ]
INFO: [ app_begin ] --END-- [ RunTime:0.000400s ]
NOTIC: [8] A session had already been started - ignoring session_start() /Users/miro/developer/ThinkPHP/Common/functions.php 第 566 行.
SQL: SHOW COLUMNS FROM `se_order` [ RunTime:0.002513s ]
INFO: [ view_template ] --START--
INFO: Run LocationTemplate Behavior [ RunTime:0.000289s ]
INFO: [ view_template ] --END-- [ RunTime:0.000346s ]
INFO: [ view_parse ] --START--
INFO: Run ParseTemplate Behavior [ RunTime:0.005521s ]
INFO: [ view_parse ] --END-- [ RunTime:0.005640s ]
INFO: [ view_filter ] --START--
INFO: Run ContentReplace Behavior [ RunTime:0.000263s ]
INFO: Run TokenBuild Behavior [ RunTime:0.000411s ]
INFO: Run WriteHtmlCache Behavior [ RunTime:0.000170s ]
INFO: Run ShowRuntime Behavior [ RunTime:0.010304s ]
INFO: [ view_filter ] --END-- [ RunTime:0.011320s ]
INFO: [ view_end ] --START--
INFO: Run ShowPageTrace Behavior [ RunTime:0.000444s ]
INFO: [ view_end ] --END-- [ RunTime:0.000494s ]

[ 2013-05-23T23:00:21+08:00 ] 0.0.0.0 /~miro/se/index.php/Order/insert
INFO: [ route_check ] --START--
INFO: Run CheckRoute Behavior [ RunTime:0.001089s ]
INFO: [ route_check ] --END-- [ RunTime:0.001218s ]
INFO: [ app_begin ] --START--
INFO: Run ReadHtmlCache Behavior [ RunTime:0.000617s ]
INFO: [ app_begin ] --END-- [ RunTime:0.000714s ]
NOTIC: [8] A session had already been started - ignoring session_start() /Users/miro/developer/ThinkPHP/Common/functions.php 第 566 行.
SQL: SHOW COLUMNS FROM `se_order` [ RunTime:0.002507s ]
INFO: [ view_template ] --START--
INFO: Run LocationTemplate Behavior [ RunTime:0.000325s ]
INFO: [ view_template ] --END-- [ RunTime:0.000389s ]
INFO: [ view_parse ] --START--
INFO: Run ParseTemplate Behavior [ RunTime:0.035633s ]
INFO: [ view_parse ] --END-- [ RunTime:0.035716s ]
INFO: [ view_filter ] --START--
INFO: Run ContentReplace Behavior [ RunTime:0.000253s ]
INFO: Run TokenBuild Behavior [ RunTime:0.000223s ]
INFO: Run WriteHtmlCache Behavior [ RunTime:0.000133s ]
INFO: Run ShowRuntime Behavior [ RunTime:0.000279s ]
INFO: [ view_filter ] --END-- [ RunTime:0.001036s ]
INFO: [ view_end ] --START--
INFO: Run ShowPageTrace Behavior [ RunTime:0.000387s ]
INFO: [ view_end ] --END-- [ RunTime:0.000434s ]

[ 2013-05-23T23:00:28+08:00 ] 0.0.0.0 /~miro/se/index.php/Order/insert
INFO: [ route_check ] --START--
INFO: Run CheckRoute Behavior [ RunTime:0.000563s ]
INFO: [ route_check ] --END-- [ RunTime:0.000642s ]
INFO: [ app_begin ] --START--
INFO: Run ReadHtmlCache Behavior [ RunTime:0.000344s ]
INFO: [ app_begin ] --END-- [ RunTime:0.000396s ]
NOTIC: [8] A session had already been started - ignoring session_start() /Users/miro/developer/ThinkPHP/Common/functions.php 第 566 行.
SQL: SHOW COLUMNS FROM `se_order` [ RunTime:0.002546s ]
INFO: [ view_template ] --START--
INFO: Run LocationTemplate Behavior [ RunTime:0.000325s ]
INFO: [ view_template ] --END-- [ RunTime:0.000392s ]
INFO: [ view_parse ] --START--
INFO: Run ParseTemplate Behavior [ RunTime:0.005449s ]
INFO: [ view_parse ] --END-- [ RunTime:0.005548s ]
INFO: [ view_filter ] --START--
INFO: Run ContentReplace Behavior [ RunTime:0.000228s ]
INFO: Run TokenBuild Behavior [ RunTime:0.000228s ]
INFO: Run WriteHtmlCache Behavior [ RunTime:0.000133s ]
INFO: Run ShowRuntime Behavior [ RunTime:0.000279s ]
INFO: [ view_filter ] --END-- [ RunTime:0.001003s ]
INFO: [ view_end ] --START--
INFO: Run ShowPageTrace Behavior [ RunTime:0.000403s ]
INFO: [ view_end ] --END-- [ RunTime:0.000451s ]

[ 2013-05-23T23:00:36+08:00 ] 0.0.0.0 /~miro/se/index.php/Order/insert
INFO: [ route_check ] --START--
INFO: Run CheckRoute Behavior [ RunTime:0.000548s ]
INFO: [ route_check ] --END-- [ RunTime:0.000618s ]
INFO: [ app_begin ] --START--
INFO: Run ReadHtmlCache Behavior [ RunTime:0.000364s ]
INFO: [ app_begin ] --END-- [ RunTime:0.000416s ]
NOTIC: [8] A session had already been started - ignoring session_start() /Users/miro/developer/ThinkPHP/Common/functions.php 第 566 行.
SQL: SHOW COLUMNS FROM `se_order` [ RunTime:0.004360s ]
SQL: INSERT INTO `se_order` (`user_id`,`goods_id`,`state`,`price`) VALUES (123,'154',123,456) [ RunTime:0.000924s ]
INFO: [ view_template ] --START--
INFO: Run LocationTemplate Behavior [ RunTime:0.000270s ]
INFO: [ view_template ] --END-- [ RunTime:0.000325s ]
INFO: [ view_parse ] --START--
INFO: Run ParseTemplate Behavior [ RunTime:0.017771s ]
INFO: [ view_parse ] --END-- [ RunTime:0.017883s ]
INFO: [ view_filter ] --START--
INFO: Run ContentReplace Behavior [ RunTime:0.000290s ]
INFO: Run TokenBuild Behavior [ RunTime:0.000219s ]
INFO: Run WriteHtmlCache Behavior [ RunTime:0.000132s ]
INFO: Run ShowRuntime Behavior [ RunTime:0.000283s ]
INFO: [ view_filter ] --END-- [ RunTime:0.001063s ]
INFO: [ view_end ] --START--
INFO: Run ShowPageTrace Behavior [ RunTime:0.000393s ]
INFO: [ view_end ] --END-- [ RunTime:0.000441s ]

[ 2013-05-23T23:00:37+08:00 ] 0.0.0.0 /~miro/se/index.php/Order/addInfo
INFO: [ route_check ] --START--
INFO: Run CheckRoute Behavior [ RunTime:0.001132s ]
INFO: [ route_check ] --END-- [ RunTime:0.001258s ]
INFO: [ app_begin ] --START--
INFO: Run ReadHtmlCache Behavior [ RunTime:0.000438s ]
INFO: [ app_begin ] --END-- [ RunTime:0.000493s ]
NOTIC: [8] A session had already been started - ignoring session_start() /Users/miro/developer/ThinkPHP/Common/functions.php 第 566 行.
INFO: [ view_template ] --START--
INFO: Run LocationTemplate Behavior [ RunTime:0.000206s ]
INFO: [ view_template ] --END-- [ RunTime:0.000259s ]
INFO: [ view_parse ] --START--
INFO: Run ParseTemplate Behavior [ RunTime:0.014372s ]
INFO: [ view_parse ] --END-- [ RunTime:0.014482s ]
INFO: [ view_filter ] --START--
INFO: Run ContentReplace Behavior [ RunTime:0.000306s ]
INFO: Run TokenBuild Behavior [ RunTime:0.000279s ]
INFO: Run WriteHtmlCache Behavior [ RunTime:0.000191s ]
INFO: Run ShowRuntime Behavior [ RunTime:0.000287s ]
INFO: [ view_filter ] --END-- [ RunTime:0.001223s ]
INFO: [ view_end ] --START--
INFO: Run ShowPageTrace Behavior [ RunTime:0.001479s ]
INFO: [ view_end ] --END-- [ RunTime:0.001705s ]

[ 2013-05-23T23:04:19+08:00 ] 0.0.0.0 /~miro/se/index.php/Order/addInfo
INFO: [ route_check ] --START--
INFO: Run CheckRoute Behavior [ RunTime:0.000578s ]
INFO: [ route_check ] --END-- [ RunTime:0.000653s ]
INFO: [ app_begin ] --START--
INFO: Run ReadHtmlCache Behavior [ RunTime:0.000354s ]
INFO: [ app_begin ] --END-- [ RunTime:0.000404s ]
NOTIC: [8] A session had already been started - ignoring session_start() /Users/miro/developer/ThinkPHP/Common/functions.php 第 566 行.
INFO: [ view_template ] --START--
INFO: Run LocationTemplate Behavior [ RunTime:0.000234s ]
INFO: [ view_template ] --END-- [ RunTime:0.000290s ]
INFO: [ view_parse ] --START--
INFO: Run ParseTemplate Behavior [ RunTime:0.007458s ]
INFO: [ view_parse ] --END-- [ RunTime:0.007565s ]
INFO: [ view_filter ] --START--
INFO: Run ContentReplace Behavior [ RunTime:0.000247s ]
INFO: Run TokenBuild Behavior [ RunTime:0.000236s ]
INFO: Run WriteHtmlCache Behavior [ RunTime:0.000141s ]
INFO: Run ShowRuntime Behavior [ RunTime:0.000294s ]
INFO: [ view_filter ] --END-- [ RunTime:0.001055s ]
INFO: [ view_end ] --START--
INFO: Run ShowPageTrace Behavior [ RunTime:0.000406s ]
INFO: [ view_end ] --END-- [ RunTime:0.000454s ]

[ 2013-05-23T23:04:31+08:00 ] 0.0.0.0 /~miro/se/index.php/Order/insert
INFO: [ route_check ] --START--
INFO: Run CheckRoute Behavior [ RunTime:0.000587s ]
INFO: [ route_check ] --END-- [ RunTime:0.000663s ]
INFO: [ app_begin ] --START--
INFO: Run ReadHtmlCache Behavior [ RunTime:0.000841s ]
INFO: [ app_begin ] --END-- [ RunTime:0.000899s ]
NOTIC: [8] A session had already been started - ignoring session_start() /Users/miro/developer/ThinkPHP/Common/functions.php 第 566 行.
SQL: SHOW COLUMNS FROM `se_order` [ RunTime:0.002789s ]
SQL: INSERT INTO `se_order` (`user_id`,`goods_id`,`state`,`price`,`book_time`) VALUES (1111,'2222',1,1234,1369321471) [ RunTime:0.041218s ]
INFO: [ view_template ] --START--
INFO: Run LocationTemplate Behavior [ RunTime:0.000281s ]
INFO: [ view_template ] --END-- [ RunTime:0.000335s ]
INFO: [ view_parse ] --START--
INFO: Run ParseTemplate Behavior [ RunTime:0.005128s ]
INFO: [ view_parse ] --END-- [ RunTime:0.005204s ]
INFO: [ view_filter ] --START--
INFO: Run ContentReplace Behavior [ RunTime:0.000225s ]
INFO: Run TokenBuild Behavior [ RunTime:0.000218s ]
INFO: Run WriteHtmlCache Behavior [ RunTime:0.000133s ]
INFO: Run ShowRuntime Behavior [ RunTime:0.000282s ]
INFO: [ view_filter ] --END-- [ RunTime:0.000992s ]
INFO: [ view_end ] --START--
INFO: Run ShowPageTrace Behavior [ RunTime:0.000389s ]
INFO: [ view_end ] --END-- [ RunTime:0.000436s ]

[ 2013-05-23T23:04:32+08:00 ] 0.0.0.0 /~miro/se/index.php/Order/addInfo
INFO: [ route_check ] --START--
INFO: Run CheckRoute Behavior [ RunTime:0.000559s ]
INFO: [ route_check ] --END-- [ RunTime:0.000638s ]
INFO: [ app_begin ] --START--
INFO: Run ReadHtmlCache Behavior [ RunTime:0.001794s ]
INFO: [ app_begin ] --END-- [ RunTime:0.002049s ]
NOTIC: [8] A session had already been started - ignoring session_start() /Users/miro/developer/ThinkPHP/Common/functions.php 第 566 行.
INFO: [ view_template ] --START--
INFO: Run LocationTemplate Behavior [ RunTime:0.000296s ]
INFO: [ view_template ] --END-- [ RunTime:0.000382s ]
INFO: [ view_parse ] --START--
INFO: Run ParseTemplate Behavior [ RunTime:0.004916s ]
INFO: [ view_parse ] --END-- [ RunTime:0.004989s ]
INFO: [ view_filter ] --START--
INFO: Run ContentReplace Behavior [ RunTime:0.000215s ]
INFO: Run TokenBuild Behavior [ RunTime:0.000212s ]
INFO: Run WriteHtmlCache Behavior [ RunTime:0.000135s ]
INFO: Run ShowRuntime Behavior [ RunTime:0.000328s ]
INFO: [ view_filter ] --END-- [ RunTime:0.001059s ]
INFO: [ view_end ] --START--
INFO: Run ShowPageTrace Behavior [ RunTime:0.000600s ]
INFO: [ view_end ] --END-- [ RunTime:0.000681s ]

[ 2013-05-23T23:07:02+08:00 ] 0.0.0.0 /~miro/se/index.php/Order/insert
INFO: [ route_check ] --START--
INFO: Run CheckRoute Behavior [ RunTime:0.000582s ]
INFO: [ route_check ] --END-- [ RunTime:0.000661s ]
INFO: [ app_begin ] --START--
INFO: Run ReadHtmlCache Behavior [ RunTime:0.000388s ]
INFO: [ app_begin ] --END-- [ RunTime:0.000444s ]
NOTIC: [8] A session had already been started - ignoring session_start() /Users/miro/developer/ThinkPHP/Common/functions.php 第 566 行.
SQL: SHOW COLUMNS FROM `se_order` [ RunTime:0.005339s ]
NOTIC: [2] call_user_func_array() expects parameter 1 to be a valid callback, function 'datetime' not found or invalid function name /Users/miro/developer/ThinkPHP/Lib/Core/Model.class.php 第 909 行.
SQL: INSERT INTO `se_order` (`user_id`,`goods_id`,`state`,`price`) VALUES (14,'22',1,23) [ RunTime:0.008945s ]
INFO: [ view_template ] --START--
INFO: Run LocationTemplate Behavior [ RunTime:0.000323s ]
INFO: [ view_template ] --END-- [ RunTime:0.000378s ]
INFO: [ view_parse ] --START--
INFO: Run ParseTemplate Behavior [ RunTime:0.007404s ]
INFO: [ view_parse ] --END-- [ RunTime:0.007515s ]
INFO: [ view_filter ] --START--
INFO: Run ContentReplace Behavior [ RunTime:0.000243s ]
INFO: Run TokenBuild Behavior [ RunTime:0.000228s ]
INFO: Run WriteHtmlCache Behavior [ RunTime:0.000140s ]
INFO: Run ShowRuntime Behavior [ RunTime:0.006193s ]
INFO: [ view_filter ] --END-- [ RunTime:0.006989s ]
INFO: [ view_end ] --START--
INFO: Run ShowPageTrace Behavior [ RunTime:0.000753s ]
INFO: [ view_end ] --END-- [ RunTime:0.000813s ]

[ 2013-05-23T23:07:03+08:00 ] 0.0.0.0 /~miro/se/index.php/Order/addInfo
INFO: [ route_check ] --START--
INFO: Run CheckRoute Behavior [ RunTime:0.001237s ]
INFO: [ route_check ] --END-- [ RunTime:0.001315s ]
INFO: [ app_begin ] --START--
INFO: Run ReadHtmlCache Behavior [ RunTime:0.000351s ]
INFO: [ app_begin ] --END-- [ RunTime:0.000400s ]
NOTIC: [8] A session had already been started - ignoring session_start() /Users/miro/developer/ThinkPHP/Common/functions.php 第 566 行.
INFO: [ view_template ] --START--
INFO: Run LocationTemplate Behavior [ RunTime:0.000239s ]
INFO: [ view_template ] --END-- [ RunTime:0.000312s ]
INFO: [ view_parse ] --START--
INFO: Run ParseTemplate Behavior [ RunTime:0.006114s ]
INFO: [ view_parse ] --END-- [ RunTime:0.006201s ]
INFO: [ view_filter ] --START--
INFO: Run ContentReplace Behavior [ RunTime:0.000242s ]
INFO: Run TokenBuild Behavior [ RunTime:0.000244s ]
INFO: Run WriteHtmlCache Behavior [ RunTime:0.000391s ]
INFO: Run ShowRuntime Behavior [ RunTime:0.001932s ]
INFO: [ view_filter ] --END-- [ RunTime:0.003152s ]
INFO: [ view_end ] --START--
INFO: Run ShowPageTrace Behavior [ RunTime:0.000600s ]
INFO: [ view_end ] --END-- [ RunTime:0.000650s ]

[ 2013-05-23T23:09:58+08:00 ] 0.0.0.0 /~miro/se/index.php/Order/insert
INFO: [ route_check ] --START--
INFO: Run CheckRoute Behavior [ RunTime:0.000666s ]
INFO: [ route_check ] --END-- [ RunTime:0.000745s ]
INFO: [ app_begin ] --START--
INFO: Run ReadHtmlCache Behavior [ RunTime:0.003976s ]
INFO: [ app_begin ] --END-- [ RunTime:0.004147s ]
NOTIC: [8] A session had already been started - ignoring session_start() /Users/miro/developer/ThinkPHP/Common/functions.php 第 566 行.
SQL: SHOW COLUMNS FROM `se_order` [ RunTime:0.002529s ]
SQL: INSERT INTO `se_order` (`user_id`,`goods_id`,`state`,`price`) VALUES (5678,'545',4,4) [ RunTime:0.032933s ]
INFO: [ view_template ] --START--
INFO: Run LocationTemplate Behavior [ RunTime:0.000285s ]
INFO: [ view_template ] --END-- [ RunTime:0.000340s ]
INFO: [ view_parse ] --START--
INFO: Run ParseTemplate Behavior [ RunTime:0.006599s ]
INFO: [ view_parse ] --END-- [ RunTime:0.006687s ]
INFO: [ view_filter ] --START--
INFO: Run ContentReplace Behavior [ RunTime:0.000285s ]
INFO: Run TokenBuild Behavior [ RunTime:0.000238s ]
INFO: Run WriteHtmlCache Behavior [ RunTime:0.000137s ]
INFO: Run ShowRuntime Behavior [ RunTime:0.000286s ]
INFO: [ view_filter ] --END-- [ RunTime:0.001083s ]
INFO: [ view_end ] --START--
INFO: Run ShowPageTrace Behavior [ RunTime:0.000392s ]
INFO: [ view_end ] --END-- [ RunTime:0.000439s ]

[ 2013-05-23T23:09:59+08:00 ] 0.0.0.0 /~miro/se/index.php/Order/addInfo
INFO: [ route_check ] --START--
INFO: Run CheckRoute Behavior [ RunTime:0.000567s ]
INFO: [ route_check ] --END-- [ RunTime:0.000643s ]
INFO: [ app_begin ] --START--
INFO: Run ReadHtmlCache Behavior [ RunTime:0.000355s ]
INFO: [ app_begin ] --END-- [ RunTime:0.000407s ]
NOTIC: [8] A session had already been started - ignoring session_start() /Users/miro/developer/ThinkPHP/Common/functions.php 第 566 行.
INFO: [ view_template ] --START--
INFO: Run LocationTemplate Behavior [ RunTime:0.000340s ]
INFO: [ view_template ] --END-- [ RunTime:0.000401s ]
INFO: [ view_parse ] --START--
INFO: Run ParseTemplate Behavior [ RunTime:0.005141s ]
INFO: [ view_parse ] --END-- [ RunTime:0.005224s ]
INFO: [ view_filter ] --START--
INFO: Run ContentReplace Behavior [ RunTime:0.000240s ]
INFO: Run TokenBuild Behavior [ RunTime:0.000347s ]
INFO: Run WriteHtmlCache Behavior [ RunTime:0.000146s ]
INFO: Run ShowRuntime Behavior [ RunTime:0.000318s ]
INFO: [ view_filter ] --END-- [ RunTime:0.001200s ]
INFO: [ view_end ] --START--
INFO: Run ShowPageTrace Behavior [ RunTime:0.000443s ]
INFO: [ view_end ] --END-- [ RunTime:0.000497s ]

[ 2013-05-23T23:14:36+08:00 ] 0.0.0.0 /~miro/se/index.php/User/index
INFO: [ route_check ] --START--
INFO: Run CheckRoute Behavior [ RunTime:0.000561s ]
INFO: [ route_check ] --END-- [ RunTime:0.000632s ]
INFO: [ app_begin ] --START--
INFO: Run ReadHtmlCache Behavior [ RunTime:0.000349s ]
INFO: [ app_begin ] --END-- [ RunTime:0.000397s ]
NOTIC: [8] A session had already been started - ignoring session_start() /Users/miro/developer/ThinkPHP/Common/functions.php 第 566 行.
NOTIC: [8] Undefined variable: srcDataStr /Users/miro/Sites/se/Lib/Action/UserAction.class.php 第 17 行.

[ 2013-05-23T23:17:44+08:00 ] 0.0.0.0 /~miro/se/index.php/User/index
INFO: [ route_check ] --START--
INFO: Run CheckRoute Behavior [ RunTime:0.000562s ]
INFO: [ route_check ] --END-- [ RunTime:0.000636s ]
INFO: [ app_begin ] --START--
INFO: Run ReadHtmlCache Behavior [ RunTime:0.000354s ]
INFO: [ app_begin ] --END-- [ RunTime:0.000404s ]
NOTIC: [8] A session had already been started - ignoring session_start() /Users/miro/developer/ThinkPHP/Common/functions.php 第 566 行.

[ 2013-05-23T23:17:47+08:00 ] 0.0.0.0 /~miro/se/index.php/User/index
INFO: [ route_check ] --START--
INFO: Run CheckRoute Behavior [ RunTime:0.000552s ]
INFO: [ route_check ] --END-- [ RunTime:0.000626s ]
INFO: [ app_begin ] --START--
INFO: Run ReadHtmlCache Behavior [ RunTime:0.000337s ]
INFO: [ app_begin ] --END-- [ RunTime:0.000387s ]
NOTIC: [8] A session had already been started - ignoring session_start() /Users/miro/developer/ThinkPHP/Common/functions.php 第 566 行.

[ 2013-05-23T23:18:52+08:00 ] 0.0.0.0 /~miro/se/index.php/User/index
INFO: [ route_check ] --START--
INFO: Run CheckRoute Behavior [ RunTime:0.000625s ]
INFO: [ route_check ] --END-- [ RunTime:0.000698s ]
INFO: [ app_begin ] --START--
INFO: Run ReadHtmlCache Behavior [ RunTime:0.000398s ]
INFO: [ app_begin ] --END-- [ RunTime:0.000451s ]
NOTIC: [8] A session had already been started - ignoring session_start() /Users/miro/developer/ThinkPHP/Common/functions.php 第 566 行.

[ 2013-05-23T23:18:56+08:00 ] 0.0.0.0 /~miro/se/index.php/User/index
INFO: [ route_check ] --START--
INFO: Run CheckRoute Behavior [ RunTime:0.000571s ]
INFO: [ route_check ] --END-- [ RunTime:0.000649s ]
INFO: [ app_begin ] --START--
INFO: Run ReadHtmlCache Behavior [ RunTime:0.000450s ]
INFO: [ app_begin ] --END-- [ RunTime:0.000512s ]
NOTIC: [8] A session had already been started - ignoring session_start() /Users/miro/developer/ThinkPHP/Common/functions.php 第 566 行.

[ 2013-05-23T23:20:12+08:00 ] 127.0.0.1 /~miro/se/index.php/User/index
INFO: [ route_check ] --START--
INFO: Run CheckRoute Behavior [ RunTime:0.000752s ]
INFO: [ route_check ] --END-- [ RunTime:0.000873s ]
INFO: [ app_begin ] --START--
INFO: Run ReadHtmlCache Behavior [ RunTime:0.000425s ]
INFO: [ app_begin ] --END-- [ RunTime:0.000483s ]
NOTIC: [8] A session had already been started - ignoring session_start() /Users/miro/developer/ThinkPHP/Common/functions.php 第 566 行.

[ 2013-05-23T23:20:15+08:00 ] 127.0.0.1 /~miro/se/index.php/User/index
INFO: [ route_check ] --START--
INFO: Run CheckRoute Behavior [ RunTime:0.000564s ]
INFO: [ route_check ] --END-- [ RunTime:0.000640s ]
INFO: [ app_begin ] --START--
INFO: Run ReadHtmlCache Behavior [ RunTime:0.000340s ]
INFO: [ app_begin ] --END-- [ RunTime:0.000389s ]
NOTIC: [8] A session had already been started - ignoring session_start() /Users/miro/developer/ThinkPHP/Common/functions.php 第 566 行.

[ 2013-05-23T23:20:22+08:00 ] 127.0.0.1 /~miro/se/index.php/User/index
INFO: [ route_check ] --START--
INFO: Run CheckRoute Behavior [ RunTime:0.001516s ]
INFO: [ route_check ] --END-- [ RunTime:0.001597s ]
INFO: [ app_begin ] --START--
INFO: Run ReadHtmlCache Behavior [ RunTime:0.000387s ]
INFO: [ app_begin ] --END-- [ RunTime:0.000447s ]
NOTIC: [8] A session had already been started - ignoring session_start() /Users/miro/developer/ThinkPHP/Common/functions.php 第 566 行.

[ 2013-05-23T23:21:19+08:00 ] 127.0.0.1 /~miro/se/index.php/User/index
INFO: [ route_check ] --START--
INFO: Run CheckRoute Behavior [ RunTime:0.000554s ]
INFO: [ route_check ] --END-- [ RunTime:0.000627s ]
INFO: [ app_begin ] --START--
INFO: Run ReadHtmlCache Behavior [ RunTime:0.000345s ]
INFO: [ app_begin ] --END-- [ RunTime:0.000394s ]
NOTIC: [8] A session had already been started - ignoring session_start() /Users/miro/developer/ThinkPHP/Common/functions.php 第 566 行.

[ 2013-05-23T23:21:38+08:00 ] 127.0.0.1 /~miro/se/index.php/User/index
INFO: [ route_check ] --START--
INFO: Run CheckRoute Behavior [ RunTime:0.000564s ]
INFO: [ route_check ] --END-- [ RunTime:0.000635s ]
INFO: [ app_begin ] --START--
INFO: Run ReadHtmlCache Behavior [ RunTime:0.000338s ]
INFO: [ app_begin ] --END-- [ RunTime:0.000387s ]
NOTIC: [8] A session had already been started - ignoring session_start() /Users/miro/developer/ThinkPHP/Common/functions.php 第 566 行.

[ 2013-05-23T23:22:10+08:00 ] 127.0.0.1 /~miro/se/index.php/User/index
INFO: [ route_check ] --START--
INFO: Run CheckRoute Behavior [ RunTime:0.000545s ]
INFO: [ route_check ] --END-- [ RunTime:0.000618s ]
INFO: [ app_begin ] --START--
INFO: Run ReadHtmlCache Behavior [ RunTime:0.000334s ]
INFO: [ app_begin ] --END-- [ RunTime:0.000383s ]
NOTIC: [8] A session had already been started - ignoring session_start() /Users/miro/developer/ThinkPHP/Common/functions.php 第 566 行.

[ 2013-05-23T23:24:04+08:00 ] 127.0.0.1 /~miro/se/index.php/Order/addInfo
INFO: [ route_check ] --START--
INFO: Run CheckRoute Behavior [ RunTime:0.000582s ]
INFO: [ route_check ] --END-- [ RunTime:0.000658s ]
INFO: [ app_begin ] --START--
INFO: Run ReadHtmlCache Behavior [ RunTime:0.000359s ]
INFO: [ app_begin ] --END-- [ RunTime:0.000411s ]
NOTIC: [8] A session had already been started - ignoring session_start() /Users/miro/developer/ThinkPHP/Common/functions.php 第 566 行.
INFO: [ view_template ] --START--
INFO: Run LocationTemplate Behavior [ RunTime:0.000223s ]
INFO: [ view_template ] --END-- [ RunTime:0.000279s ]
INFO: [ view_parse ] --START--
INFO: Run ParseTemplate Behavior [ RunTime:0.011998s ]
INFO: [ view_parse ] --END-- [ RunTime:0.012096s ]
INFO: [ view_filter ] --START--
INFO: Run ContentReplace Behavior [ RunTime:0.000299s ]
INFO: Run TokenBuild Behavior [ RunTime:0.000250s ]
INFO: Run WriteHtmlCache Behavior [ RunTime:0.000177s ]
INFO: Run ShowRuntime Behavior [ RunTime:0.000332s ]
INFO: [ view_filter ] --END-- [ RunTime:0.001198s ]
INFO: [ view_end ] --START--
INFO: Run ShowPageTrace Behavior [ RunTime:0.000460s ]
INFO: [ view_end ] --END-- [ RunTime:0.000510s ]

[ 2013-05-23T23:24:12+08:00 ] 127.0.0.1 /~miro/se/index.php/Order/insert
INFO: [ route_check ] --START--
INFO: Run CheckRoute Behavior [ RunTime:0.000588s ]
INFO: [ route_check ] --END-- [ RunTime:0.000662s ]
INFO: [ app_begin ] --START--
INFO: Run ReadHtmlCache Behavior [ RunTime:0.000346s ]
INFO: [ app_begin ] --END-- [ RunTime:0.000396s ]
NOTIC: [8] A session had already been started - ignoring session_start() /Users/miro/developer/ThinkPHP/Common/functions.php 第 566 行.
SQL: SHOW COLUMNS FROM `se_order` [ RunTime:0.012048s ]
NOTIC: [2] call_user_func_array() expects parameter 1 to be a valid callback, function 'get_time' not found or invalid function name /Users/miro/developer/ThinkPHP/Lib/Core/Model.class.php 第 909 行.
SQL: INSERT INTO `se_order` (`user_id`,`goods_id`,`state`,`price`) VALUES (56,'88',1,32) [ RunTime:0.081226s ]
INFO: [ view_template ] --START--
INFO: Run LocationTemplate Behavior [ RunTime:0.000329s ]
INFO: [ view_template ] --END-- [ RunTime:0.000396s ]
INFO: [ view_parse ] --START--
INFO: Run ParseTemplate Behavior [ RunTime:0.013184s ]
INFO: [ view_parse ] --END-- [ RunTime:0.013267s ]
INFO: [ view_filter ] --START--
INFO: Run ContentReplace Behavior [ RunTime:0.000236s ]
INFO: Run TokenBuild Behavior [ RunTime:0.000235s ]
INFO: Run WriteHtmlCache Behavior [ RunTime:0.000146s ]
INFO: Run ShowRuntime Behavior [ RunTime:0.000282s ]
INFO: [ view_filter ] --END-- [ RunTime:0.001036s ]
INFO: [ view_end ] --START--
INFO: Run ShowPageTrace Behavior [ RunTime:0.000389s ]
INFO: [ view_end ] --END-- [ RunTime:0.000436s ]

[ 2013-05-23T23:24:13+08:00 ] 127.0.0.1 /~miro/se/index.php/Order/addInfo
INFO: [ route_check ] --START--
INFO: Run CheckRoute Behavior [ RunTime:0.000672s ]
INFO: [ route_check ] --END-- [ RunTime:0.000753s ]
INFO: [ app_begin ] --START--
INFO: Run ReadHtmlCache Behavior [ RunTime:0.000368s ]
INFO: [ app_begin ] --END-- [ RunTime:0.000423s ]
NOTIC: [8] A session had already been started - ignoring session_start() /Users/miro/developer/ThinkPHP/Common/functions.php 第 566 行.
INFO: [ view_template ] --START--
INFO: Run LocationTemplate Behavior [ RunTime:0.000334s ]
INFO: [ view_template ] --END-- [ RunTime:0.000398s ]
INFO: [ view_parse ] --START--
INFO: Run ParseTemplate Behavior [ RunTime:0.006942s ]
INFO: [ view_parse ] --END-- [ RunTime:0.007025s ]
INFO: [ view_filter ] --START--
INFO: Run ContentReplace Behavior [ RunTime:0.000595s ]
INFO: Run TokenBuild Behavior [ RunTime:0.000267s ]
INFO: Run WriteHtmlCache Behavior [ RunTime:0.000138s ]
INFO: Run ShowRuntime Behavior [ RunTime:0.000313s ]
INFO: [ view_filter ] --END-- [ RunTime:0.001472s ]
INFO: [ view_end ] --START--
INFO: Run ShowPageTrace Behavior [ RunTime:0.000562s ]
INFO: [ view_end ] --END-- [ RunTime:0.000614s ]

[ 2013-05-23T23:25:04+08:00 ] 127.0.0.1 /~miro/se/index.php/Order/insert
INFO: [ route_check ] --START--
INFO: Run CheckRoute Behavior [ RunTime:0.000653s ]
INFO: [ route_check ] --END-- [ RunTime:0.000732s ]
INFO: [ app_begin ] --START--
INFO: Run ReadHtmlCache Behavior [ RunTime:0.000351s ]
INFO: [ app_begin ] --END-- [ RunTime:0.000401s ]
NOTIC: [8] A session had already been started - ignoring session_start() /Users/miro/developer/ThinkPHP/Common/functions.php 第 566 行.
SQL: SHOW COLUMNS FROM `se_order` [ RunTime:0.002609s ]
SQL: INSERT INTO `se_order` (`user_id`,`goods_id`,`state`,`price`,`book_time`) VALUES (8,'7',56,1,'2013-05-23 23:25:04') [ RunTime:0.034043s ]
INFO: [ view_template ] --START--
INFO: Run LocationTemplate Behavior [ RunTime:0.000285s ]
INFO: [ view_template ] --END-- [ RunTime:0.000338s ]
INFO: [ view_parse ] --START--
INFO: Run ParseTemplate Behavior [ RunTime:0.005168s ]
INFO: [ view_parse ] --END-- [ RunTime:0.005235s ]
INFO: [ view_filter ] --START--
INFO: Run ContentReplace Behavior [ RunTime:0.000221s ]
INFO: Run TokenBuild Behavior [ RunTime:0.000214s ]
INFO: Run WriteHtmlCache Behavior [ RunTime:0.000130s ]
INFO: Run ShowRuntime Behavior [ RunTime:0.000280s ]
INFO: [ view_filter ] --END-- [ RunTime:0.000979s ]
INFO: [ view_end ] --START--
INFO: Run ShowPageTrace Behavior [ RunTime:0.000402s ]
INFO: [ view_end ] --END-- [ RunTime:0.000449s ]

[ 2013-05-23T23:25:05+08:00 ] 127.0.0.1 /~miro/se/index.php/Order/addInfo
INFO: [ route_check ] --START--
INFO: Run CheckRoute Behavior [ RunTime:0.000555s ]
INFO: [ route_check ] --END-- [ RunTime:0.000627s ]
INFO: [ app_begin ] --START--
INFO: Run ReadHtmlCache Behavior [ RunTime:0.000345s ]
INFO: [ app_begin ] --END-- [ RunTime:0.000394s ]
NOTIC: [8] A session had already been started - ignoring session_start() /Users/miro/developer/ThinkPHP/Common/functions.php 第 566 行.
INFO: [ view_template ] --START--
INFO: Run LocationTemplate Behavior [ RunTime:0.000208s ]
INFO: [ view_template ] --END-- [ RunTime:0.000264s ]
INFO: [ view_parse ] --START--
INFO: Run ParseTemplate Behavior [ RunTime:0.011737s ]
INFO: [ view_parse ] --END-- [ RunTime:0.011849s ]
INFO: [ view_filter ] --START--
INFO: Run ContentReplace Behavior [ RunTime:0.000255s ]
INFO: Run TokenBuild Behavior [ RunTime:0.000239s ]
INFO: Run WriteHtmlCache Behavior [ RunTime:0.000164s ]
INFO: Run ShowRuntime Behavior [ RunTime:0.000318s ]
INFO: [ view_filter ] --END-- [ RunTime:0.001126s ]
INFO: [ view_end ] --START--
INFO: Run ShowPageTrace Behavior [ RunTime:0.000456s ]
INFO: [ view_end ] --END-- [ RunTime:0.000506s ]

