[ 2013-05-24T09:38:50+08:00 ] 0.0.0.0 /~miro/se/index.php/Goods/addroom
INFO: [ route_check ] --START--
INFO: Run CheckRoute Behavior [ RunTime:0.000792s ]
INFO: [ route_check ] --END-- [ RunTime:0.000912s ]
INFO: [ app_begin ] --START--
INFO: Run ReadHtmlCache Behavior [ RunTime:0.000437s ]
INFO: [ app_begin ] --END-- [ RunTime:0.000497s ]
NOTIC: [8] A session had already been started - ignoring session_start() /Users/miro/developer/ThinkPHP/Common/functions.php 第 566 行.
INFO: [ view_template ] --START--
INFO: Run LocationTemplate Behavior [ RunTime:0.000321s ]
INFO: [ view_template ] --END-- [ RunTime:0.000411s ]
INFO: [ view_parse ] --START--
INFO: Run ParseTemplate Behavior [ RunTime:0.048171s ]
INFO: [ view_parse ] --END-- [ RunTime:0.048280s ]
INFO: [ view_filter ] --START--
INFO: Run ContentReplace Behavior [ RunTime:0.000407s ]
INFO: Run TokenBuild Behavior [ RunTime:0.000335s ]
INFO: Run WriteHtmlCache Behavior [ RunTime:0.000212s ]
INFO: Run ShowRuntime Behavior [ RunTime:0.000375s ]
INFO: [ view_filter ] --END-- [ RunTime:0.001487s ]
INFO: [ view_end ] --START--
INFO: Run ShowPageTrace Behavior [ RunTime:0.000559s ]
INFO: [ view_end ] --END-- [ RunTime:0.000614s ]

[ 2013-05-24T09:39:02+08:00 ] 0.0.0.0 /~miro/se/index.php/Goods/insertroom
INFO: [ route_check ] --START--
INFO: Run CheckRoute Behavior [ RunTime:0.000716s ]
INFO: [ route_check ] --END-- [ RunTime:0.000873s ]
INFO: [ app_begin ] --START--
INFO: Run ReadHtmlCache Behavior [ RunTime:0.000415s ]
INFO: [ app_begin ] --END-- [ RunTime:0.000481s ]
NOTIC: [8] A session had already been started - ignoring session_start() /Users/miro/developer/ThinkPHP/Common/functions.php 第 566 行.
SQL: SHOW COLUMNS FROM `se_room` [ RunTime:0.013417s ]
SQL: INSERT INTO `se_room` (`uid`,`hotel_id`,`available_number`,`price`) VALUES ('123','456',12,45) [ RunTime:0.013344s ]
INFO: [ view_template ] --START--
INFO: Run LocationTemplate Behavior [ RunTime:0.000359s ]
INFO: [ view_template ] --END-- [ RunTime:0.000423s ]
INFO: [ view_parse ] --START--
INFO: Run ParseTemplate Behavior [ RunTime:0.160007s ]
INFO: [ view_parse ] --END-- [ RunTime:0.160097s ]
INFO: [ view_filter ] --START--
INFO: Run ContentReplace Behavior [ RunTime:0.000284s ]
INFO: Run TokenBuild Behavior [ RunTime:0.000277s ]
INFO: Run WriteHtmlCache Behavior [ RunTime:0.000147s ]
INFO: Run ShowRuntime Behavior [ RunTime:0.000298s ]
INFO: [ view_filter ] --END-- [ RunTime:0.001159s ]
INFO: [ view_end ] --START--
INFO: Run ShowPageTrace Behavior [ RunTime:0.000526s ]
INFO: [ view_end ] --END-- [ RunTime:0.000585s ]

[ 2013-05-24T09:39:03+08:00 ] 0.0.0.0 /~miro/se/index.php/Goods/addroom
INFO: [ route_check ] --START--
INFO: Run CheckRoute Behavior [ RunTime:0.000560s ]
INFO: [ route_check ] --END-- [ RunTime:0.000632s ]
INFO: [ app_begin ] --START--
INFO: Run ReadHtmlCache Behavior [ RunTime:0.000337s ]
INFO: [ app_begin ] --END-- [ RunTime:0.000385s ]
NOTIC: [8] A session had already been started - ignoring session_start() /Users/miro/developer/ThinkPHP/Common/functions.php 第 566 行.
INFO: [ view_template ] --START--
INFO: Run LocationTemplate Behavior [ RunTime:0.000225s ]
INFO: [ view_template ] --END-- [ RunTime:0.000285s ]
INFO: [ view_parse ] --START--
INFO: Run ParseTemplate Behavior [ RunTime:0.007537s ]
INFO: [ view_parse ] --END-- [ RunTime:0.007646s ]
INFO: [ view_filter ] --START--
INFO: Run ContentReplace Behavior [ RunTime:0.000496s ]
INFO: Run TokenBuild Behavior [ RunTime:0.000281s ]
INFO: Run WriteHtmlCache Behavior [ RunTime:0.000176s ]
INFO: Run ShowRuntime Behavior [ RunTime:0.000341s ]
INFO: [ view_filter ] --END-- [ RunTime:0.001479s ]
INFO: [ view_end ] --START--
INFO: Run ShowPageTrace Behavior [ RunTime:0.000536s ]
INFO: [ view_end ] --END-- [ RunTime:0.000606s ]

[ 2013-05-24T09:45:32+08:00 ] 0.0.0.0 /~miro/se/index.php/Goods/addhotel
INFO: [ route_check ] --START--
INFO: Run CheckRoute Behavior [ RunTime:0.001342s ]
INFO: [ route_check ] --END-- [ RunTime:0.001427s ]
INFO: [ app_begin ] --START--
INFO: Run ReadHtmlCache Behavior [ RunTime:0.000416s ]
INFO: [ app_begin ] --END-- [ RunTime:0.000468s ]
NOTIC: [8] A session had already been started - ignoring session_start() /Users/miro/developer/ThinkPHP/Common/functions.php 第 566 行.
INFO: [ view_template ] --START--
INFO: Run LocationTemplate Behavior [ RunTime:0.000302s ]
INFO: [ view_template ] --END-- [ RunTime:0.000389s ]
INFO: [ view_parse ] --START--
INFO: Run ParseTemplate Behavior [ RunTime:0.008192s ]
INFO: [ view_parse ] --END-- [ RunTime:0.008291s ]
INFO: [ view_filter ] --START--
INFO: Run ContentReplace Behavior [ RunTime:0.000298s ]
INFO: Run TokenBuild Behavior [ RunTime:0.000284s ]
INFO: Run WriteHtmlCache Behavior [ RunTime:0.000150s ]
INFO: Run ShowRuntime Behavior [ RunTime:0.000325s ]
INFO: [ view_filter ] --END-- [ RunTime:0.001211s ]
INFO: [ view_end ] --START--
INFO: Run ShowPageTrace Behavior [ RunTime:0.000471s ]
INFO: [ view_end ] --END-- [ RunTime:0.000526s ]

[ 2013-05-24T09:45:44+08:00 ] 0.0.0.0 /~miro/se/index.php/Goods/inserthotel
INFO: [ route_check ] --START--
INFO: Run CheckRoute Behavior [ RunTime:0.000599s ]
INFO: [ route_check ] --END-- [ RunTime:0.000673s ]
INFO: [ app_begin ] --START--
INFO: Run ReadHtmlCache Behavior [ RunTime:0.000354s ]
INFO: [ app_begin ] --END-- [ RunTime:0.000402s ]
NOTIC: [8] A session had already been started - ignoring session_start() /Users/miro/developer/ThinkPHP/Common/functions.php 第 566 行.
SQL: SHOW COLUMNS FROM `se_hotel` [ RunTime:0.013245s ]
SQL: INSERT INTO `se_hotel` (`name`,`star_level`) VALUES ('qizhen',5) [ RunTime:0.000798s ]
INFO: [ view_template ] --START--
INFO: Run LocationTemplate Behavior [ RunTime:0.000284s ]
INFO: [ view_template ] --END-- [ RunTime:0.000339s ]
INFO: [ view_parse ] --START--
INFO: Run ParseTemplate Behavior [ RunTime:0.009162s ]
INFO: [ view_parse ] --END-- [ RunTime:0.009266s ]
INFO: [ view_filter ] --START--
INFO: Run ContentReplace Behavior [ RunTime:0.000394s ]
INFO: Run TokenBuild Behavior [ RunTime:0.000282s ]
INFO: Run WriteHtmlCache Behavior [ RunTime:0.000158s ]
INFO: Run ShowRuntime Behavior [ RunTime:0.000317s ]
INFO: [ view_filter ] --END-- [ RunTime:0.001323s ]
INFO: [ view_end ] --START--
INFO: Run ShowPageTrace Behavior [ RunTime:0.000490s ]
INFO: [ view_end ] --END-- [ RunTime:0.000543s ]

[ 2013-05-24T09:45:45+08:00 ] 0.0.0.0 /~miro/se/index.php/Goods/addhotel
INFO: [ route_check ] --START--
INFO: Run CheckRoute Behavior [ RunTime:0.000554s ]
INFO: [ route_check ] --END-- [ RunTime:0.000629s ]
INFO: [ app_begin ] --START--
INFO: Run ReadHtmlCache Behavior [ RunTime:0.000372s ]
INFO: [ app_begin ] --END-- [ RunTime:0.000428s ]
NOTIC: [8] A session had already been started - ignoring session_start() /Users/miro/developer/ThinkPHP/Common/functions.php 第 566 行.
INFO: [ view_template ] --START--
INFO: Run LocationTemplate Behavior [ RunTime:0.000222s ]
INFO: [ view_template ] --END-- [ RunTime:0.000286s ]
INFO: [ view_parse ] --START--
INFO: Run ParseTemplate Behavior [ RunTime:0.004793s ]
INFO: [ view_parse ] --END-- [ RunTime:0.004863s ]
INFO: [ view_filter ] --START--
INFO: Run ContentReplace Behavior [ RunTime:0.000232s ]
INFO: Run TokenBuild Behavior [ RunTime:0.000228s ]
INFO: Run WriteHtmlCache Behavior [ RunTime:0.000145s ]
INFO: Run ShowRuntime Behavior [ RunTime:0.000293s ]
INFO: [ view_filter ] --END-- [ RunTime:0.001037s ]
INFO: [ view_end ] --START--
INFO: Run ShowPageTrace Behavior [ RunTime:0.000398s ]
INFO: [ view_end ] --END-- [ RunTime:0.000447s ]

[ 2013-05-24T10:05:40+08:00 ] 0.0.0.0 /~miro/se/index.php/Goods/searchhotel
INFO: [ route_check ] --START--
INFO: Run CheckRoute Behavior [ RunTime:0.000587s ]
INFO: [ route_check ] --END-- [ RunTime:0.000665s ]
INFO: [ app_begin ] --START--
INFO: Run ReadHtmlCache Behavior [ RunTime:0.000387s ]
INFO: [ app_begin ] --END-- [ RunTime:0.000449s ]
NOTIC: [8] A session had already been started - ignoring session_start() /Users/miro/developer/ThinkPHP/Common/functions.php 第 566 行.
INFO: [ view_template ] --START--
INFO: Run LocationTemplate Behavior [ RunTime:0.000241s ]
INFO: [ view_template ] --END-- [ RunTime:0.000303s ]
INFO: [ view_parse ] --START--
INFO: Run ParseTemplate Behavior [ RunTime:0.014683s ]
INFO: [ view_parse ] --END-- [ RunTime:0.014825s ]
INFO: [ view_filter ] --START--
INFO: Run ContentReplace Behavior [ RunTime:0.000239s ]
INFO: Run TokenBuild Behavior [ RunTime:0.000242s ]
INFO: Run WriteHtmlCache Behavior [ RunTime:0.000157s ]
INFO: Run ShowRuntime Behavior [ RunTime:0.000603s ]
INFO: [ view_filter ] --END-- [ RunTime:0.001387s ]
INFO: [ view_end ] --START--
INFO: Run ShowPageTrace Behavior [ RunTime:0.000702s ]
INFO: [ view_end ] --END-- [ RunTime:0.000762s ]

[ 2013-05-24T10:29:19+08:00 ] 0.0.0.0 /~miro/se/index.php/Goods/searchhotel
INFO: [ route_check ] --START--
INFO: Run CheckRoute Behavior [ RunTime:0.000973s ]
INFO: [ route_check ] --END-- [ RunTime:0.001044s ]
INFO: [ app_begin ] --START--
INFO: Run ReadHtmlCache Behavior [ RunTime:0.000751s ]
INFO: [ app_begin ] --END-- [ RunTime:0.000801s ]
NOTIC: [8] A session had already been started - ignoring session_start() /Users/miro/developer/ThinkPHP/Common/functions.php 第 566 行.
INFO: [ view_template ] --START--
INFO: Run LocationTemplate Behavior [ RunTime:0.000637s ]
INFO: [ view_template ] --END-- [ RunTime:0.000694s ]
INFO: [ view_parse ] --START--
INFO: Run ParseTemplate Behavior [ RunTime:0.007071s ]
INFO: [ view_parse ] --END-- [ RunTime:0.007143s ]
INFO: [ view_filter ] --START--
INFO: Run ContentReplace Behavior [ RunTime:0.000604s ]
INFO: Run TokenBuild Behavior [ RunTime:0.000594s ]
INFO: Run WriteHtmlCache Behavior [ RunTime:0.000513s ]
INFO: Run ShowRuntime Behavior [ RunTime:0.000656s ]
INFO: [ view_filter ] --END-- [ RunTime:0.002506s ]
INFO: [ view_end ] --START--
INFO: Run ShowPageTrace Behavior [ RunTime:0.000772s ]
INFO: [ view_end ] --END-- [ RunTime:0.000820s ]

[ 2013-05-24T10:50:07+08:00 ] 0.0.0.0 /~miro/se/index.php/Goods/searchhotel
INFO: [ route_check ] --START--
INFO: Run CheckRoute Behavior [ RunTime:0.000684s ]
INFO: [ route_check ] --END-- [ RunTime:0.000784s ]
INFO: [ app_begin ] --START--
INFO: Run ReadHtmlCache Behavior [ RunTime:0.000429s ]
INFO: [ app_begin ] --END-- [ RunTime:0.000481s ]
NOTIC: [8] A session had already been started - ignoring session_start() /Users/miro/developer/ThinkPHP/Common/functions.php 第 566 行.

[ 2013-05-24T10:51:05+08:00 ] 0.0.0.0 /~miro/se/index.php/Goods/searchhotel
INFO: [ route_check ] --START--
INFO: Run CheckRoute Behavior [ RunTime:0.000950s ]
INFO: [ route_check ] --END-- [ RunTime:0.001097s ]
INFO: [ app_begin ] --START--
INFO: Run ReadHtmlCache Behavior [ RunTime:0.000769s ]
INFO: [ app_begin ] --END-- [ RunTime:0.000860s ]
NOTIC: [8] A session had already been started - ignoring session_start() /Users/miro/developer/ThinkPHP/Common/functions.php 第 566 行.

[ 2013-05-24T10:53:12+08:00 ] 0.0.0.0 /~miro/se/index.php/Goods/searchhotel
INFO: [ route_check ] --START--
INFO: Run CheckRoute Behavior [ RunTime:0.000728s ]
INFO: [ route_check ] --END-- [ RunTime:0.000867s ]
INFO: [ app_begin ] --START--
INFO: Run ReadHtmlCache Behavior [ RunTime:0.000397s ]
INFO: [ app_begin ] --END-- [ RunTime:0.000455s ]
NOTIC: [8] A session had already been started - ignoring session_start() /Users/miro/developer/ThinkPHP/Common/functions.php 第 566 行.

[ 2013-05-24T10:53:19+08:00 ] 0.0.0.0 /~miro/se/index.php/Goods/searchhotel
INFO: [ route_check ] --START--
INFO: Run CheckRoute Behavior [ RunTime:0.000828s ]
INFO: [ route_check ] --END-- [ RunTime:0.000981s ]
INFO: [ app_begin ] --START--
INFO: Run ReadHtmlCache Behavior [ RunTime:0.000440s ]
INFO: [ app_begin ] --END-- [ RunTime:0.000505s ]
NOTIC: [8] A session had already been started - ignoring session_start() /Users/miro/developer/ThinkPHP/Common/functions.php 第 566 行.

[ 2013-05-24T10:54:54+08:00 ] 0.0.0.0 /~miro/se/index.php/Goods/searchhotel
INFO: [ route_check ] --START--
INFO: Run CheckRoute Behavior [ RunTime:0.000842s ]
INFO: [ route_check ] --END-- [ RunTime:0.001026s ]
INFO: [ app_begin ] --START--
INFO: Run ReadHtmlCache Behavior [ RunTime:0.000450s ]
INFO: [ app_begin ] --END-- [ RunTime:0.000519s ]
NOTIC: [8] A session had already been started - ignoring session_start() /Users/miro/developer/ThinkPHP/Common/functions.php 第 566 行.

[ 2013-05-24T10:55:04+08:00 ] 127.0.0.1 /~miro/se/index.php/Goods/searchhotel
INFO: [ route_check ] --START--
INFO: Run CheckRoute Behavior [ RunTime:0.012635s ]
INFO: [ route_check ] --END-- [ RunTime:0.012798s ]
INFO: [ app_begin ] --START--
INFO: Run ReadHtmlCache Behavior [ RunTime:0.000469s ]
INFO: [ app_begin ] --END-- [ RunTime:0.000533s ]
NOTIC: [8] A session had already been started - ignoring session_start() /Users/miro/developer/ThinkPHP/Common/functions.php 第 566 行.
INFO: [ view_template ] --START--
INFO: Run LocationTemplate Behavior [ RunTime:0.016263s ]
INFO: [ view_template ] --END-- [ RunTime:0.016359s ]
INFO: [ view_parse ] --START--
INFO: Run ParseTemplate Behavior [ RunTime:0.025946s ]
INFO: [ view_parse ] --END-- [ RunTime:0.026063s ]
INFO: [ view_filter ] --START--
INFO: Run ContentReplace Behavior [ RunTime:0.029128s ]
INFO: Run TokenBuild Behavior [ RunTime:0.000679s ]
INFO: Run WriteHtmlCache Behavior [ RunTime:0.000465s ]
INFO: Run ShowRuntime Behavior [ RunTime:0.000764s ]
INFO: [ view_filter ] --END-- [ RunTime:0.031242s ]
INFO: [ view_end ] --START--
INFO: Run ShowPageTrace Behavior [ RunTime:0.000644s ]
INFO: [ view_end ] --END-- [ RunTime:0.000700s ]

[ 2013-05-24T10:55:06+08:00 ] 127.0.0.1 /~miro/se/index.php/Goods/searchhotel
INFO: [ route_check ] --START--
INFO: Run CheckRoute Behavior [ RunTime:0.000581s ]
INFO: [ route_check ] --END-- [ RunTime:0.000655s ]
INFO: [ app_begin ] --START--
INFO: Run ReadHtmlCache Behavior [ RunTime:0.000333s ]
INFO: [ app_begin ] --END-- [ RunTime:0.000381s ]
NOTIC: [8] A session had already been started - ignoring session_start() /Users/miro/developer/ThinkPHP/Common/functions.php 第 566 行.
INFO: [ view_template ] --START--
INFO: Run LocationTemplate Behavior [ RunTime:0.000200s ]
INFO: [ view_template ] --END-- [ RunTime:0.000252s ]
INFO: [ view_parse ] --START--
INFO: Run ParseTemplate Behavior [ RunTime:0.008843s ]
INFO: [ view_parse ] --END-- [ RunTime:0.008943s ]
INFO: [ view_filter ] --START--
INFO: Run ContentReplace Behavior [ RunTime:0.000298s ]
INFO: Run TokenBuild Behavior [ RunTime:0.000240s ]
INFO: Run WriteHtmlCache Behavior [ RunTime:0.000133s ]
INFO: Run ShowRuntime Behavior [ RunTime:0.000337s ]
INFO: [ view_filter ] --END-- [ RunTime:0.001162s ]
INFO: [ view_end ] --START--
INFO: Run ShowPageTrace Behavior [ RunTime:0.000584s ]
INFO: [ view_end ] --END-- [ RunTime:0.000649s ]

[ 2013-05-24T10:55:08+08:00 ] 127.0.0.1 /~miro/se/index.php/Goods/searchhotel
INFO: [ route_check ] --START--
INFO: Run CheckRoute Behavior [ RunTime:0.000601s ]
INFO: [ route_check ] --END-- [ RunTime:0.000680s ]
INFO: [ app_begin ] --START--
INFO: Run ReadHtmlCache Behavior [ RunTime:0.000345s ]
INFO: [ app_begin ] --END-- [ RunTime:0.000394s ]
NOTIC: [8] A session had already been started - ignoring session_start() /Users/miro/developer/ThinkPHP/Common/functions.php 第 566 行.
INFO: [ view_template ] --START--
INFO: Run LocationTemplate Behavior [ RunTime:0.000253s ]
INFO: [ view_template ] --END-- [ RunTime:0.000314s ]
INFO: [ view_parse ] --START--
INFO: Run ParseTemplate Behavior [ RunTime:0.004591s ]
INFO: [ view_parse ] --END-- [ RunTime:0.004668s ]
INFO: [ view_filter ] --START--
INFO: Run ContentReplace Behavior [ RunTime:0.000210s ]
INFO: Run TokenBuild Behavior [ RunTime:0.000216s ]
INFO: Run WriteHtmlCache Behavior [ RunTime:0.000131s ]
INFO: Run ShowRuntime Behavior [ RunTime:0.000285s ]
INFO: [ view_filter ] --END-- [ RunTime:0.000985s ]
INFO: [ view_end ] --START--
INFO: Run ShowPageTrace Behavior [ RunTime:0.001739s ]
INFO: [ view_end ] --END-- [ RunTime:0.001821s ]

[ 2013-05-24T10:55:23+08:00 ] 0.0.0.0 /~miro/se/index.php/Goods/searchhotel
INFO: [ route_check ] --START--
INFO: Run CheckRoute Behavior [ RunTime:0.000979s ]
INFO: [ route_check ] --END-- [ RunTime:0.001122s ]
INFO: [ app_begin ] --START--
INFO: Run ReadHtmlCache Behavior [ RunTime:0.000415s ]
INFO: [ app_begin ] --END-- [ RunTime:0.000478s ]
NOTIC: [8] A session had already been started - ignoring session_start() /Users/miro/developer/ThinkPHP/Common/functions.php 第 566 行.
INFO: [ view_template ] --START--
INFO: Run LocationTemplate Behavior [ RunTime:0.000297s ]
INFO: [ view_template ] --END-- [ RunTime:0.000401s ]
INFO: [ view_parse ] --START--
INFO: Run ParseTemplate Behavior [ RunTime:0.005963s ]
INFO: [ view_parse ] --END-- [ RunTime:0.006062s ]
INFO: [ view_filter ] --START--
INFO: Run ContentReplace Behavior [ RunTime:0.000249s ]
INFO: Run TokenBuild Behavior [ RunTime:0.000245s ]
INFO: Run WriteHtmlCache Behavior [ RunTime:0.000143s ]
INFO: Run ShowRuntime Behavior [ RunTime:0.000369s ]
INFO: [ view_filter ] --END-- [ RunTime:0.001148s ]
INFO: [ view_end ] --START--
INFO: Run ShowPageTrace Behavior [ RunTime:0.000460s ]
INFO: [ view_end ] --END-- [ RunTime:0.000514s ]

[ 2013-05-24T10:55:26+08:00 ] 0.0.0.0 /~miro/se/index.php/Goods/searchhotel
INFO: [ route_check ] --START--
INFO: Run CheckRoute Behavior [ RunTime:0.000872s ]
INFO: [ route_check ] --END-- [ RunTime:0.000953s ]
INFO: [ app_begin ] --START--
INFO: Run ReadHtmlCache Behavior [ RunTime:0.000359s ]
INFO: [ app_begin ] --END-- [ RunTime:0.000410s ]
NOTIC: [8] A session had already been started - ignoring session_start() /Users/miro/developer/ThinkPHP/Common/functions.php 第 566 行.
INFO: [ view_template ] --START--
INFO: Run LocationTemplate Behavior [ RunTime:0.000225s ]
INFO: [ view_template ] --END-- [ RunTime:0.000282s ]
INFO: [ view_parse ] --START--
INFO: Run ParseTemplate Behavior [ RunTime:0.005128s ]
INFO: [ view_parse ] --END-- [ RunTime:0.005219s ]
INFO: [ view_filter ] --START--
INFO: Run ContentReplace Behavior [ RunTime:0.000217s ]
INFO: Run TokenBuild Behavior [ RunTime:0.000214s ]
INFO: Run WriteHtmlCache Behavior [ RunTime:0.000146s ]
INFO: Run ShowRuntime Behavior [ RunTime:0.000326s ]
INFO: [ view_filter ] --END-- [ RunTime:0.001052s ]
INFO: [ view_end ] --START--
INFO: Run ShowPageTrace Behavior [ RunTime:0.000475s ]
INFO: [ view_end ] --END-- [ RunTime:0.000531s ]

[ 2013-05-24T10:55:28+08:00 ] 0.0.0.0 /~miro/se/index.php/Goods/searchhotel
INFO: [ route_check ] --START--
INFO: Run CheckRoute Behavior [ RunTime:0.000552s ]
INFO: [ route_check ] --END-- [ RunTime:0.000624s ]
INFO: [ app_begin ] --START--
INFO: Run ReadHtmlCache Behavior [ RunTime:0.000332s ]
INFO: [ app_begin ] --END-- [ RunTime:0.000380s ]
NOTIC: [8] A session had already been started - ignoring session_start() /Users/miro/developer/ThinkPHP/Common/functions.php 第 566 行.
INFO: [ view_template ] --START--
INFO: Run LocationTemplate Behavior [ RunTime:0.000189s ]
INFO: [ view_template ] --END-- [ RunTime:0.000241s ]
INFO: [ view_parse ] --START--
INFO: Run ParseTemplate Behavior [ RunTime:0.004836s ]
INFO: [ view_parse ] --END-- [ RunTime:0.006425s ]
INFO: [ view_filter ] --START--
INFO: Run ContentReplace Behavior [ RunTime:0.000732s ]
INFO: Run TokenBuild Behavior [ RunTime:0.000257s ]
INFO: Run WriteHtmlCache Behavior [ RunTime:0.000146s ]
INFO: Run ShowRuntime Behavior [ RunTime:0.000337s ]
INFO: [ view_filter ] --END-- [ RunTime:0.001639s ]
INFO: [ view_end ] --START--
INFO: Run ShowPageTrace Behavior [ RunTime:0.000451s ]
INFO: [ view_end ] --END-- [ RunTime:0.000502s ]

[ 2013-05-24T10:55:58+08:00 ] 0.0.0.0 /~miro/se/index.php/Goods/searchhotel
INFO: [ route_check ] --START--
INFO: Run CheckRoute Behavior [ RunTime:0.000564s ]
INFO: [ route_check ] --END-- [ RunTime:0.000637s ]
INFO: [ app_begin ] --START--
INFO: Run ReadHtmlCache Behavior [ RunTime:0.000337s ]
INFO: [ app_begin ] --END-- [ RunTime:0.000387s ]
NOTIC: [8] A session had already been started - ignoring session_start() /Users/miro/developer/ThinkPHP/Common/functions.php 第 566 行.

[ 2013-05-24T10:57:26+08:00 ] 0.0.0.0 /~miro/se/index.php/Goods/searchhotel
INFO: [ route_check ] --START--
INFO: Run CheckRoute Behavior [ RunTime:0.000555s ]
INFO: [ route_check ] --END-- [ RunTime:0.000628s ]
INFO: [ app_begin ] --START--
INFO: Run ReadHtmlCache Behavior [ RunTime:0.000421s ]
INFO: [ app_begin ] --END-- [ RunTime:0.000475s ]
NOTIC: [8] A session had already been started - ignoring session_start() /Users/miro/developer/ThinkPHP/Common/functions.php 第 566 行.
INFO: [ view_template ] --START--
INFO: Run LocationTemplate Behavior [ RunTime:0.000211s ]
INFO: [ view_template ] --END-- [ RunTime:0.000269s ]
INFO: [ view_parse ] --START--
INFO: Run ParseTemplate Behavior [ RunTime:0.004844s ]
INFO: [ view_parse ] --END-- [ RunTime:0.004923s ]
INFO: [ view_filter ] --START--
INFO: Run ContentReplace Behavior [ RunTime:0.000217s ]
INFO: Run TokenBuild Behavior [ RunTime:0.000232s ]
INFO: Run WriteHtmlCache Behavior [ RunTime:0.000147s ]
INFO: Run ShowRuntime Behavior [ RunTime:0.000285s ]
INFO: [ view_filter ] --END-- [ RunTime:0.001025s ]
INFO: [ view_end ] --START--
INFO: Run ShowPageTrace Behavior [ RunTime:0.000429s ]
INFO: [ view_end ] --END-- [ RunTime:0.000480s ]

[ 2013-05-24T10:57:29+08:00 ] 0.0.0.0 /~miro/se/index.php/Goods/showroom
INFO: [ route_check ] --START--
INFO: Run CheckRoute Behavior [ RunTime:0.000613s ]
INFO: [ route_check ] --END-- [ RunTime:0.000693s ]
INFO: [ app_begin ] --START--
INFO: Run ReadHtmlCache Behavior [ RunTime:0.000348s ]
INFO: [ app_begin ] --END-- [ RunTime:0.000397s ]
NOTIC: [8] A session had already been started - ignoring session_start() /Users/miro/developer/ThinkPHP/Common/functions.php 第 566 行.

[ 2013-05-24T10:59:04+08:00 ] 0.0.0.0 /~miro/se/index.php/Goods/searchhotel
INFO: [ route_check ] --START--
INFO: Run CheckRoute Behavior [ RunTime:0.000594s ]
INFO: [ route_check ] --END-- [ RunTime:0.000678s ]
INFO: [ app_begin ] --START--
INFO: Run ReadHtmlCache Behavior [ RunTime:0.000382s ]
INFO: [ app_begin ] --END-- [ RunTime:0.000434s ]
NOTIC: [8] A session had already been started - ignoring session_start() /Users/miro/developer/ThinkPHP/Common/functions.php 第 566 行.
INFO: [ view_template ] --START--
INFO: Run LocationTemplate Behavior [ RunTime:0.000244s ]
INFO: [ view_template ] --END-- [ RunTime:0.000303s ]
INFO: [ view_parse ] --START--
INFO: Run ParseTemplate Behavior [ RunTime:0.004860s ]
INFO: [ view_parse ] --END-- [ RunTime:0.004976s ]
INFO: [ view_filter ] --START--
INFO: Run ContentReplace Behavior [ RunTime:0.000436s ]
INFO: Run TokenBuild Behavior [ RunTime:0.000275s ]
INFO: Run WriteHtmlCache Behavior [ RunTime:0.000175s ]
INFO: Run ShowRuntime Behavior [ RunTime:0.000332s ]
INFO: [ view_filter ] --END-- [ RunTime:0.001385s ]
INFO: [ view_end ] --START--
INFO: Run ShowPageTrace Behavior [ RunTime:0.000540s ]
INFO: [ view_end ] --END-- [ RunTime:0.000608s ]

[ 2013-05-24T10:59:07+08:00 ] 0.0.0.0 /~miro/se/index.php/Goods/showroom
INFO: [ route_check ] --START--
INFO: Run CheckRoute Behavior [ RunTime:0.000561s ]
INFO: [ route_check ] --END-- [ RunTime:0.000633s ]
INFO: [ app_begin ] --START--
INFO: Run ReadHtmlCache Behavior [ RunTime:0.000346s ]
INFO: [ app_begin ] --END-- [ RunTime:0.000396s ]
NOTIC: [8] A session had already been started - ignoring session_start() /Users/miro/developer/ThinkPHP/Common/functions.php 第 566 行.

[ 2013-05-24T11:00:40+08:00 ] 0.0.0.0 /~miro/se/index.php/Goods/showroom
INFO: [ route_check ] --START--
INFO: Run CheckRoute Behavior [ RunTime:0.000699s ]
INFO: [ route_check ] --END-- [ RunTime:0.000842s ]
INFO: [ app_begin ] --START--
INFO: Run ReadHtmlCache Behavior [ RunTime:0.000435s ]
INFO: [ app_begin ] --END-- [ RunTime:0.000501s ]
NOTIC: [8] A session had already been started - ignoring session_start() /Users/miro/developer/ThinkPHP/Common/functions.php 第 566 行.
INFO: [ view_template ] --START--
INFO: Run LocationTemplate Behavior [ RunTime:0.000255s ]
INFO: [ view_template ] --END-- [ RunTime:0.000341s ]
INFO: [ view_parse ] --START--
NOTIC: [8] Undefined variable: class /Users/miro/Sites/se/Runtime/Cache/1189604e5a1421f6a6c54531078d414a.php 第 6 行.
NOTIC: [8] Undefined variable: hotel_info /Users/miro/Sites/se/Runtime/Cache/1189604e5a1421f6a6c54531078d414a.php 第 6 行.
NOTIC: [8] Undefined variable: data /Users/miro/Sites/se/Runtime/Cache/1189604e5a1421f6a6c54531078d414a.php 第 7 行.
INFO: Run ParseTemplate Behavior [ RunTime:0.055329s ]
INFO: [ view_parse ] --END-- [ RunTime:0.055403s ]
INFO: [ view_filter ] --START--
INFO: Run ContentReplace Behavior [ RunTime:0.000296s ]
INFO: Run TokenBuild Behavior [ RunTime:0.000260s ]
INFO: Run WriteHtmlCache Behavior [ RunTime:0.000156s ]
INFO: Run ShowRuntime Behavior [ RunTime:0.000328s ]
INFO: [ view_filter ] --END-- [ RunTime:0.001197s ]
INFO: [ view_end ] --START--
INFO: Run ShowPageTrace Behavior [ RunTime:0.000475s ]
INFO: [ view_end ] --END-- [ RunTime:0.000528s ]

[ 2013-05-24T11:01:04+08:00 ] 0.0.0.0 /~miro/se/index.php/Goods/showroom
INFO: [ route_check ] --START--
INFO: Run CheckRoute Behavior [ RunTime:0.000565s ]
INFO: [ route_check ] --END-- [ RunTime:0.000638s ]
INFO: [ app_begin ] --START--
INFO: Run ReadHtmlCache Behavior [ RunTime:0.000346s ]
INFO: [ app_begin ] --END-- [ RunTime:0.000395s ]
NOTIC: [8] A session had already been started - ignoring session_start() /Users/miro/developer/ThinkPHP/Common/functions.php 第 566 行.
INFO: [ view_template ] --START--
INFO: Run LocationTemplate Behavior [ RunTime:0.000213s ]
INFO: [ view_template ] --END-- [ RunTime:0.000296s ]
INFO: [ view_parse ] --START--
NOTIC: [8] Undefined variable: hotel_info /Users/miro/Sites/se/Runtime/Cache/1189604e5a1421f6a6c54531078d414a.php 第 6 行.
NOTIC: [8] Undefined variable: data /Users/miro/Sites/se/Runtime/Cache/1189604e5a1421f6a6c54531078d414a.php 第 7 行.
INFO: Run ParseTemplate Behavior [ RunTime:0.007739s ]
INFO: [ view_parse ] --END-- [ RunTime:0.007815s ]
INFO: [ view_filter ] --START--
INFO: Run ContentReplace Behavior [ RunTime:0.000251s ]
INFO: Run TokenBuild Behavior [ RunTime:0.000235s ]
INFO: Run WriteHtmlCache Behavior [ RunTime:0.000140s ]
INFO: Run ShowRuntime Behavior [ RunTime:0.000297s ]
INFO: [ view_filter ] --END-- [ RunTime:0.001072s ]
INFO: [ view_end ] --START--
INFO: Run ShowPageTrace Behavior [ RunTime:0.000535s ]
INFO: [ view_end ] --END-- [ RunTime:0.000596s ]

[ 2013-05-24T11:01:17+08:00 ] 0.0.0.0 /~miro/se/index.php/Goods/showroom
INFO: [ route_check ] --START--
INFO: Run CheckRoute Behavior [ RunTime:0.000552s ]
INFO: [ route_check ] --END-- [ RunTime:0.000624s ]
INFO: [ app_begin ] --START--
INFO: Run ReadHtmlCache Behavior [ RunTime:0.000675s ]
INFO: [ app_begin ] --END-- [ RunTime:0.000736s ]
NOTIC: [8] A session had already been started - ignoring session_start() /Users/miro/developer/ThinkPHP/Common/functions.php 第 566 行.

[ 2013-05-24T11:01:42+08:00 ] 0.0.0.0 /~miro/se/index.php/Goods/showroom
INFO: [ route_check ] --START--
INFO: Run CheckRoute Behavior [ RunTime:0.000548s ]
INFO: [ route_check ] --END-- [ RunTime:0.000620s ]
INFO: [ app_begin ] --START--
INFO: Run ReadHtmlCache Behavior [ RunTime:0.000411s ]
INFO: [ app_begin ] --END-- [ RunTime:0.000471s ]
NOTIC: [8] A session had already been started - ignoring session_start() /Users/miro/developer/ThinkPHP/Common/functions.php 第 566 行.
INFO: [ view_template ] --START--
INFO: Run LocationTemplate Behavior [ RunTime:0.002852s ]
INFO: [ view_template ] --END-- [ RunTime:0.002941s ]
INFO: [ view_parse ] --START--
NOTIC: [8] Undefined variable: hotel_info /Users/miro/Sites/se/Runtime/Cache/1189604e5a1421f6a6c54531078d414a.php 第 6 行.
NOTIC: [8] Undefined variable: data /Users/miro/Sites/se/Runtime/Cache/1189604e5a1421f6a6c54531078d414a.php 第 7 行.
INFO: Run ParseTemplate Behavior [ RunTime:0.009393s ]
INFO: [ view_parse ] --END-- [ RunTime:0.009458s ]
INFO: [ view_filter ] --START--
INFO: Run ContentReplace Behavior [ RunTime:0.000642s ]
INFO: Run TokenBuild Behavior [ RunTime:0.000606s ]
INFO: Run WriteHtmlCache Behavior [ RunTime:0.000512s ]
INFO: Run ShowRuntime Behavior [ RunTime:0.000658s ]
INFO: [ view_filter ] --END-- [ RunTime:0.002558s ]
INFO: [ view_end ] --START--
INFO: Run ShowPageTrace Behavior [ RunTime:0.000815s ]
INFO: [ view_end ] --END-- [ RunTime:0.000866s ]

[ 2013-05-24T11:02:17+08:00 ] 0.0.0.0 /~miro/se/index.php/Goods/showroom
INFO: [ route_check ] --START--
INFO: Run CheckRoute Behavior [ RunTime:0.000941s ]
INFO: [ route_check ] --END-- [ RunTime:0.001025s ]
INFO: [ app_begin ] --START--
INFO: Run ReadHtmlCache Behavior [ RunTime:0.000435s ]
INFO: [ app_begin ] --END-- [ RunTime:0.000491s ]
NOTIC: [8] A session had already been started - ignoring session_start() /Users/miro/developer/ThinkPHP/Common/functions.php 第 566 行.
INFO: [ view_template ] --START--
INFO: Run LocationTemplate Behavior [ RunTime:0.000199s ]
INFO: [ view_template ] --END-- [ RunTime:0.000269s ]
INFO: [ view_parse ] --START--
NOTIC: [8] Undefined variable: data /Users/miro/Sites/se/Runtime/Cache/1189604e5a1421f6a6c54531078d414a.php 第 7 行.
INFO: Run ParseTemplate Behavior [ RunTime:0.005532s ]
INFO: [ view_parse ] --END-- [ RunTime:0.005590s ]
INFO: [ view_filter ] --START--
INFO: Run ContentReplace Behavior [ RunTime:0.000244s ]
INFO: Run TokenBuild Behavior [ RunTime:0.000243s ]
INFO: Run WriteHtmlCache Behavior [ RunTime:0.000140s ]
INFO: Run ShowRuntime Behavior [ RunTime:0.000291s ]
INFO: [ view_filter ] --END-- [ RunTime:0.001061s ]
INFO: [ view_end ] --START--
INFO: Run ShowPageTrace Behavior [ RunTime:0.000651s ]
INFO: [ view_end ] --END-- [ RunTime:0.000714s ]

[ 2013-05-24T11:02:20+08:00 ] 0.0.0.0 /~miro/se/index.php/Goods/showroom
INFO: [ route_check ] --START--
INFO: Run CheckRoute Behavior [ RunTime:0.000561s ]
INFO: [ route_check ] --END-- [ RunTime:0.000634s ]
INFO: [ app_begin ] --START--
INFO: Run ReadHtmlCache Behavior [ RunTime:0.000333s ]
INFO: [ app_begin ] --END-- [ RunTime:0.000382s ]
NOTIC: [8] A session had already been started - ignoring session_start() /Users/miro/developer/ThinkPHP/Common/functions.php 第 566 行.
INFO: [ view_template ] --START--
INFO: Run LocationTemplate Behavior [ RunTime:0.000237s ]
INFO: [ view_template ] --END-- [ RunTime:0.000314s ]
INFO: [ view_parse ] --START--
NOTIC: [8] Undefined variable: data /Users/miro/Sites/se/Runtime/Cache/1189604e5a1421f6a6c54531078d414a.php 第 7 行.
INFO: Run ParseTemplate Behavior [ RunTime:0.006357s ]
INFO: [ view_parse ] --END-- [ RunTime:0.006419s ]
INFO: [ view_filter ] --START--
INFO: Run ContentReplace Behavior [ RunTime:0.000231s ]
INFO: Run TokenBuild Behavior [ RunTime:0.000224s ]
INFO: Run WriteHtmlCache Behavior [ RunTime:0.000146s ]
INFO: Run ShowRuntime Behavior [ RunTime:0.000292s ]
INFO: [ view_filter ] --END-- [ RunTime:0.001032s ]
INFO: [ view_end ] --START--
INFO: Run ShowPageTrace Behavior [ RunTime:0.000416s ]
INFO: [ view_end ] --END-- [ RunTime:0.000465s ]

[ 2013-05-24T11:04:20+08:00 ] 0.0.0.0 /~miro/se/index.php/Goods/searchhotel
INFO: [ route_check ] --START--
INFO: Run CheckRoute Behavior [ RunTime:0.000762s ]
INFO: [ route_check ] --END-- [ RunTime:0.000907s ]
INFO: [ app_begin ] --START--
INFO: Run ReadHtmlCache Behavior [ RunTime:0.000488s ]
INFO: [ app_begin ] --END-- [ RunTime:0.000587s ]
NOTIC: [8] A session had already been started - ignoring session_start() /Users/miro/developer/ThinkPHP/Common/functions.php 第 566 行.

[ 2013-05-24T11:05:04+08:00 ] 127.0.0.1 /~miro/se/index.php/Goods/searchhotel
INFO: [ route_check ] --START--
INFO: Run CheckRoute Behavior [ RunTime:0.000588s ]
INFO: [ route_check ] --END-- [ RunTime:0.000667s ]
INFO: [ app_begin ] --START--
INFO: Run ReadHtmlCache Behavior [ RunTime:0.000338s ]
INFO: [ app_begin ] --END-- [ RunTime:0.000388s ]
NOTIC: [8] A session had already been started - ignoring session_start() /Users/miro/developer/ThinkPHP/Common/functions.php 第 566 行.

[ 2013-05-24T11:05:30+08:00 ] 0.0.0.0 /~miro/se/index.php/Goods/searchhotel
INFO: [ route_check ] --START--
INFO: Run CheckRoute Behavior [ RunTime:0.001053s ]
INFO: [ route_check ] --END-- [ RunTime:0.001229s ]
INFO: [ app_begin ] --START--
INFO: Run ReadHtmlCache Behavior [ RunTime:0.011052s ]
INFO: [ app_begin ] --END-- [ RunTime:0.011151s ]
NOTIC: [8] A session had already been started - ignoring session_start() /Users/miro/developer/ThinkPHP/Common/functions.php 第 566 行.

[ 2013-05-24T11:07:40+08:00 ] 0.0.0.0 /~miro/se/index.php/Goods/searchhotel
INFO: [ route_check ] --START--
INFO: Run CheckRoute Behavior [ RunTime:0.000724s ]
INFO: [ route_check ] --END-- [ RunTime:0.000861s ]
INFO: [ app_begin ] --START--
INFO: Run ReadHtmlCache Behavior [ RunTime:0.000390s ]
INFO: [ app_begin ] --END-- [ RunTime:0.000448s ]
NOTIC: [8] A session had already been started - ignoring session_start() /Users/miro/developer/ThinkPHP/Common/functions.php 第 566 行.
INFO: [ view_template ] --START--
INFO: Run LocationTemplate Behavior [ RunTime:0.000239s ]
INFO: [ view_template ] --END-- [ RunTime:0.000308s ]
INFO: [ view_parse ] --START--
INFO: Run ParseTemplate Behavior [ RunTime:0.006234s ]
INFO: [ view_parse ] --END-- [ RunTime:0.006321s ]
INFO: [ view_filter ] --START--
INFO: Run ContentReplace Behavior [ RunTime:0.000255s ]
INFO: Run TokenBuild Behavior [ RunTime:0.000246s ]
INFO: Run WriteHtmlCache Behavior [ RunTime:0.000161s ]
INFO: Run ShowRuntime Behavior [ RunTime:0.000349s ]
INFO: [ view_filter ] --END-- [ RunTime:0.001152s ]
INFO: [ view_end ] --START--
INFO: Run ShowPageTrace Behavior [ RunTime:0.000448s ]
INFO: [ view_end ] --END-- [ RunTime:0.000502s ]

[ 2013-05-24T11:07:44+08:00 ] 0.0.0.0 /~miro/se/index.php/Goods/showroom
INFO: [ route_check ] --START--
INFO: Run CheckRoute Behavior [ RunTime:0.000556s ]
INFO: [ route_check ] --END-- [ RunTime:0.000627s ]
INFO: [ app_begin ] --START--
INFO: Run ReadHtmlCache Behavior [ RunTime:0.000336s ]
INFO: [ app_begin ] --END-- [ RunTime:0.000384s ]
NOTIC: [8] A session had already been started - ignoring session_start() /Users/miro/developer/ThinkPHP/Common/functions.php 第 566 行.
SQL: select * from se_hotel NATURAL JOIN se_room where hotel_name like '%haha%' [ RunTime:0.000395s ]
INFO: [ view_template ] --START--
INFO: Run LocationTemplate Behavior [ RunTime:0.000443s ]
INFO: [ view_template ] --END-- [ RunTime:0.000521s ]
INFO: [ view_parse ] --START--
INFO: Run ParseTemplate Behavior [ RunTime:0.009839s ]
INFO: [ view_parse ] --END-- [ RunTime:0.009984s ]
INFO: [ view_filter ] --START--
INFO: Run ContentReplace Behavior [ RunTime:0.000258s ]
INFO: Run TokenBuild Behavior [ RunTime:0.000225s ]
INFO: Run WriteHtmlCache Behavior [ RunTime:0.000156s ]
INFO: Run ShowRuntime Behavior [ RunTime:0.000309s ]
INFO: [ view_filter ] --END-- [ RunTime:0.001099s ]
INFO: [ view_end ] --START--
INFO: Run ShowPageTrace Behavior [ RunTime:0.000443s ]
INFO: [ view_end ] --END-- [ RunTime:0.000497s ]

[ 2013-05-24T11:07:51+08:00 ] 0.0.0.0 /~miro/se/index.php/Goods/
INFO: [ route_check ] --START--
INFO: Run CheckRoute Behavior [ RunTime:0.000712s ]
INFO: [ route_check ] --END-- [ RunTime:0.000852s ]
INFO: [ app_begin ] --START--
INFO: Run ReadHtmlCache Behavior [ RunTime:0.000385s ]
INFO: [ app_begin ] --END-- [ RunTime:0.000440s ]
NOTIC: [8] A session had already been started - ignoring session_start() /Users/miro/developer/ThinkPHP/Common/functions.php 第 566 行.
ERR: 非法操作:index

[ 2013-05-24T11:07:57+08:00 ] 0.0.0.0 /~miro/se/index.php/Goods/searchhotel
INFO: [ route_check ] --START--
INFO: Run CheckRoute Behavior [ RunTime:0.000651s ]
INFO: [ route_check ] --END-- [ RunTime:0.000772s ]
INFO: [ app_begin ] --START--
INFO: Run ReadHtmlCache Behavior [ RunTime:0.000362s ]
INFO: [ app_begin ] --END-- [ RunTime:0.000413s ]
NOTIC: [8] A session had already been started - ignoring session_start() /Users/miro/developer/ThinkPHP/Common/functions.php 第 566 行.
INFO: [ view_template ] --START--
INFO: Run LocationTemplate Behavior [ RunTime:0.000199s ]
INFO: [ view_template ] --END-- [ RunTime:0.000253s ]
INFO: [ view_parse ] --START--
INFO: Run ParseTemplate Behavior [ RunTime:0.005495s ]
INFO: [ view_parse ] --END-- [ RunTime:0.005614s ]
INFO: [ view_filter ] --START--
INFO: Run ContentReplace Behavior [ RunTime:0.000250s ]
INFO: Run TokenBuild Behavior [ RunTime:0.000414s ]
INFO: Run WriteHtmlCache Behavior [ RunTime:0.000136s ]
INFO: Run ShowRuntime Behavior [ RunTime:0.000501s ]
INFO: [ view_filter ] --END-- [ RunTime:0.001790s ]
INFO: [ view_end ] --START--
INFO: Run ShowPageTrace Behavior [ RunTime:0.000891s ]
INFO: [ view_end ] --END-- [ RunTime:0.000951s ]

[ 2013-05-24T11:09:04+08:00 ] 0.0.0.0 /~miro/se/index.php/Goods/showroom
INFO: [ route_check ] --START--
INFO: Run CheckRoute Behavior [ RunTime:0.000982s ]
INFO: [ route_check ] --END-- [ RunTime:0.001096s ]
INFO: [ app_begin ] --START--
INFO: Run ReadHtmlCache Behavior [ RunTime:0.000538s ]
INFO: [ app_begin ] --END-- [ RunTime:0.000601s ]
NOTIC: [8] A session had already been started - ignoring session_start() /Users/miro/developer/ThinkPHP/Common/functions.php 第 566 行.
SQL: select * from se_hotel NATURAL JOIN se_room where hotel_name like '%qizhen%' [ RunTime:0.000397s ]
INFO: [ view_template ] --START--
INFO: Run LocationTemplate Behavior [ RunTime:0.001009s ]
INFO: [ view_template ] --END-- [ RunTime:0.001104s ]
INFO: [ view_parse ] --START--
INFO: Run ParseTemplate Behavior [ RunTime:0.012444s ]
INFO: [ view_parse ] --END-- [ RunTime:0.012610s ]
INFO: [ view_filter ] --START--
INFO: Run ContentReplace Behavior [ RunTime:0.000287s ]
INFO: Run TokenBuild Behavior [ RunTime:0.000243s ]
INFO: Run WriteHtmlCache Behavior [ RunTime:0.000223s ]
INFO: Run ShowRuntime Behavior [ RunTime:0.000324s ]
INFO: [ view_filter ] --END-- [ RunTime:0.001237s ]
INFO: [ view_end ] --START--
INFO: Run ShowPageTrace Behavior [ RunTime:0.000482s ]
INFO: [ view_end ] --END-- [ RunTime:0.000536s ]

[ 2013-05-24T11:09:33+08:00 ] 0.0.0.0 /~miro/se/index.php/Goods/showroom
INFO: [ route_check ] --START--
INFO: Run CheckRoute Behavior [ RunTime:0.000602s ]
INFO: [ route_check ] --END-- [ RunTime:0.000686s ]
INFO: [ app_begin ] --START--
INFO: Run ReadHtmlCache Behavior [ RunTime:0.000407s ]
INFO: [ app_begin ] --END-- [ RunTime:0.000465s ]
NOTIC: [8] A session had already been started - ignoring session_start() /Users/miro/developer/ThinkPHP/Common/functions.php 第 566 行.
SQL: select * from se_hotel NATURAL JOIN se_room where hotel_name like '%qizhen%' [ RunTime:0.000127s ]
INFO: [ view_template ] --START--
INFO: Run LocationTemplate Behavior [ RunTime:0.000243s ]
INFO: [ view_template ] --END-- [ RunTime:0.000299s ]
INFO: [ view_parse ] --START--
INFO: Run ParseTemplate Behavior [ RunTime:0.005697s ]
INFO: [ view_parse ] --END-- [ RunTime:0.005775s ]
INFO: [ view_filter ] --START--
INFO: Run ContentReplace Behavior [ RunTime:0.000230s ]
INFO: Run TokenBuild Behavior [ RunTime:0.000232s ]
INFO: Run WriteHtmlCache Behavior [ RunTime:0.000131s ]
INFO: Run ShowRuntime Behavior [ RunTime:0.000274s ]
INFO: [ view_filter ] --END-- [ RunTime:0.001003s ]
INFO: [ view_end ] --START--
INFO: Run ShowPageTrace Behavior [ RunTime:0.000405s ]
INFO: [ view_end ] --END-- [ RunTime:0.000452s ]

[ 2013-05-24T13:14:37+08:00 ] 0.0.0.0 /~miro/se/index.php/Goods/searchhotel
INFO: [ route_check ] --START--
INFO: Run CheckRoute Behavior [ RunTime:0.001269s ]
INFO: [ route_check ] --END-- [ RunTime:0.001395s ]
INFO: [ app_begin ] --START--
INFO: Run ReadHtmlCache Behavior [ RunTime:0.008646s ]
INFO: [ app_begin ] --END-- [ RunTime:0.008840s ]
NOTIC: [8] A session had already been started - ignoring session_start() /Users/miro/developer/ThinkPHP/Common/functions.php 第 566 行.
INFO: [ view_template ] --START--
INFO: Run LocationTemplate Behavior [ RunTime:0.003663s ]
INFO: [ view_template ] --END-- [ RunTime:0.003766s ]
INFO: [ view_parse ] --START--
INFO: Run ParseTemplate Behavior [ RunTime:0.020860s ]
INFO: [ view_parse ] --END-- [ RunTime:0.020956s ]
INFO: [ view_filter ] --START--
INFO: Run ContentReplace Behavior [ RunTime:0.000656s ]
INFO: Run TokenBuild Behavior [ RunTime:0.000636s ]
INFO: Run WriteHtmlCache Behavior [ RunTime:0.000547s ]
INFO: Run ShowRuntime Behavior [ RunTime:0.000798s ]
INFO: [ view_filter ] --END-- [ RunTime:0.002791s ]
INFO: [ view_end ] --START--
INFO: Run ShowPageTrace Behavior [ RunTime:0.000881s ]
INFO: [ view_end ] --END-- [ RunTime:0.000942s ]

[ 2013-05-24T13:15:01+08:00 ] 0.0.0.0 /~miro/se/index.php/Goods/showroom
INFO: [ route_check ] --START--
INFO: Run CheckRoute Behavior [ RunTime:0.000802s ]
INFO: [ route_check ] --END-- [ RunTime:0.000957s ]
INFO: [ app_begin ] --START--
INFO: Run ReadHtmlCache Behavior [ RunTime:0.000442s ]
INFO: [ app_begin ] --END-- [ RunTime:0.000511s ]
NOTIC: [8] A session had already been started - ignoring session_start() /Users/miro/developer/ThinkPHP/Common/functions.php 第 566 行.
SQL: select * from se_hotel NATURAL JOIN se_room where hotel_name like '%qizhen%' [ RunTime:0.078576s ]
INFO: [ view_template ] --START--
INFO: Run LocationTemplate Behavior [ RunTime:0.000382s ]
INFO: [ view_template ] --END-- [ RunTime:0.000459s ]
INFO: [ view_parse ] --START--
INFO: Run ParseTemplate Behavior [ RunTime:0.024420s ]
INFO: [ view_parse ] --END-- [ RunTime:0.024528s ]
INFO: [ view_filter ] --START--
INFO: Run ContentReplace Behavior [ RunTime:0.000319s ]
INFO: Run TokenBuild Behavior [ RunTime:0.000315s ]
INFO: Run WriteHtmlCache Behavior [ RunTime:0.000182s ]
INFO: Run ShowRuntime Behavior [ RunTime:0.000412s ]
INFO: [ view_filter ] --END-- [ RunTime:0.001418s ]
INFO: [ view_end ] --START--
INFO: Run ShowPageTrace Behavior [ RunTime:0.000555s ]
INFO: [ view_end ] --END-- [ RunTime:0.000622s ]

[ 2013-05-24T14:17:22+08:00 ] 0.0.0.0 /~miro/se/index.php/Order/addInfo
INFO: [ route_check ] --START--
INFO: Run CheckRoute Behavior [ RunTime:0.001644s ]
INFO: [ route_check ] --END-- [ RunTime:0.001836s ]
INFO: [ app_begin ] --START--
INFO: Run ReadHtmlCache Behavior [ RunTime:0.000834s ]
INFO: [ app_begin ] --END-- [ RunTime:0.000943s ]
NOTIC: [8] A session had already been started - ignoring session_start() /Users/miro/developer/ThinkPHP/Common/functions.php 第 566 行.
INFO: [ view_template ] --START--
INFO: Run LocationTemplate Behavior [ RunTime:0.017458s ]
INFO: [ view_template ] --END-- [ RunTime:0.017724s ]
INFO: [ view_parse ] --START--
INFO: Run ParseTemplate Behavior [ RunTime:0.102711s ]
INFO: [ view_parse ] --END-- [ RunTime:0.102864s ]
INFO: [ view_filter ] --START--
INFO: Run ContentReplace Behavior [ RunTime:0.000376s ]
INFO: Run TokenBuild Behavior [ RunTime:0.000329s ]
INFO: Run WriteHtmlCache Behavior [ RunTime:0.000176s ]
INFO: Run ShowRuntime Behavior [ RunTime:0.000628s ]
INFO: [ view_filter ] --END-- [ RunTime:0.001684s ]
INFO: [ view_end ] --START--
INFO: Run ShowPageTrace Behavior [ RunTime:0.000908s ]
INFO: [ view_end ] --END-- [ RunTime:0.000991s ]

[ 2013-05-24T14:24:02+08:00 ] 0.0.0.0 /~miro/se/index.php/Goods/searchhotel
INFO: [ route_check ] --START--
INFO: Run CheckRoute Behavior [ RunTime:0.001880s ]
INFO: [ route_check ] --END-- [ RunTime:0.002098s ]
INFO: [ app_begin ] --START--
INFO: Run ReadHtmlCache Behavior [ RunTime:0.000770s ]
INFO: [ app_begin ] --END-- [ RunTime:0.000871s ]
NOTIC: [8] A session had already been started - ignoring session_start() /Users/miro/developer/ThinkPHP/Common/functions.php 第 566 行.
INFO: [ view_template ] --START--
INFO: Run LocationTemplate Behavior [ RunTime:0.000623s ]
INFO: [ view_template ] --END-- [ RunTime:0.000763s ]
INFO: [ view_parse ] --START--
INFO: Run ParseTemplate Behavior [ RunTime:0.011387s ]
INFO: [ view_parse ] --END-- [ RunTime:0.011505s ]
INFO: [ view_filter ] --START--
INFO: Run ContentReplace Behavior [ RunTime:0.000365s ]
INFO: Run TokenBuild Behavior [ RunTime:0.000444s ]
INFO: Run WriteHtmlCache Behavior [ RunTime:0.000277s ]
INFO: Run ShowRuntime Behavior [ RunTime:0.000425s ]
INFO: [ view_filter ] --END-- [ RunTime:0.001683s ]
INFO: [ view_end ] --START--
INFO: Run ShowPageTrace Behavior [ RunTime:0.000537s ]
INFO: [ view_end ] --END-- [ RunTime:0.000596s ]

[ 2013-05-24T14:24:19+08:00 ] 0.0.0.0 /~miro/se/index.php/Goods/showroom
INFO: [ route_check ] --START--
INFO: Run CheckRoute Behavior [ RunTime:0.000575s ]
INFO: [ route_check ] --END-- [ RunTime:0.000648s ]
INFO: [ app_begin ] --START--
INFO: Run ReadHtmlCache Behavior [ RunTime:0.000364s ]
INFO: [ app_begin ] --END-- [ RunTime:0.000415s ]
NOTIC: [8] A session had already been started - ignoring session_start() /Users/miro/developer/ThinkPHP/Common/functions.php 第 566 行.
SQL: select * from se_hotel NATURAL JOIN se_room where hotel_name like '%qizhen%' [ RunTime:0.000182s ]
INFO: [ view_template ] --START--
INFO: Run LocationTemplate Behavior [ RunTime:0.000568s ]
INFO: [ view_template ] --END-- [ RunTime:0.000666s ]
INFO: [ view_parse ] --START--
INFO: Run ParseTemplate Behavior [ RunTime:0.015918s ]
INFO: [ view_parse ] --END-- [ RunTime:0.016048s ]
INFO: [ view_filter ] --START--
INFO: Run ContentReplace Behavior [ RunTime:0.000384s ]
INFO: Run TokenBuild Behavior [ RunTime:0.000390s ]
INFO: Run WriteHtmlCache Behavior [ RunTime:0.000200s ]
INFO: Run ShowRuntime Behavior [ RunTime:0.000382s ]
INFO: [ view_filter ] --END-- [ RunTime:0.001529s ]
INFO: [ view_end ] --START--
INFO: Run ShowPageTrace Behavior [ RunTime:0.000914s ]
INFO: [ view_end ] --END-- [ RunTime:0.000979s ]

[ 2013-05-24T14:25:07+08:00 ] 0.0.0.0 /~miro/se/index.php/Goods/showroom
INFO: [ route_check ] --START--
INFO: Run CheckRoute Behavior [ RunTime:0.000667s ]
INFO: [ route_check ] --END-- [ RunTime:0.000770s ]
INFO: [ app_begin ] --START--
INFO: Run ReadHtmlCache Behavior [ RunTime:0.000602s ]
INFO: [ app_begin ] --END-- [ RunTime:0.000681s ]
NOTIC: [8] A session had already been started - ignoring session_start() /Users/miro/developer/ThinkPHP/Common/functions.php 第 566 行.
SQL: select * from se_hotel NATURAL JOIN se_room where hotel_name like '%qi%' [ RunTime:0.000989s ]
INFO: [ view_template ] --START--
INFO: Run LocationTemplate Behavior [ RunTime:0.000312s ]
INFO: [ view_template ] --END-- [ RunTime:0.000373s ]
INFO: [ view_parse ] --START--
INFO: Run ParseTemplate Behavior [ RunTime:0.007752s ]
INFO: [ view_parse ] --END-- [ RunTime:0.007841s ]
INFO: [ view_filter ] --START--
INFO: Run ContentReplace Behavior [ RunTime:0.000252s ]
INFO: Run TokenBuild Behavior [ RunTime:0.002375s ]
INFO: Run WriteHtmlCache Behavior [ RunTime:0.000171s ]
INFO: Run ShowRuntime Behavior [ RunTime:0.000327s ]
INFO: [ view_filter ] --END-- [ RunTime:0.003297s ]
INFO: [ view_end ] --START--
INFO: Run ShowPageTrace Behavior [ RunTime:0.000512s ]
INFO: [ view_end ] --END-- [ RunTime:0.000583s ]

[ 2013-05-24T15:11:32+08:00 ] 0.0.0.0 /~miro/se/index.php/User/register
INFO: [ route_check ] --START--
INFO: Run CheckRoute Behavior [ RunTime:0.000584s ]
INFO: [ route_check ] --END-- [ RunTime:0.000664s ]
INFO: [ app_begin ] --START--
INFO: Run ReadHtmlCache Behavior [ RunTime:0.000468s ]
INFO: [ app_begin ] --END-- [ RunTime:0.000542s ]
NOTIC: [8] A session had already been started - ignoring session_start() /Users/miro/developer/ThinkPHP/Common/functions.php 第 566 行.
INFO: [ view_template ] --START--
INFO: Run LocationTemplate Behavior [ RunTime:0.000511s ]
INFO: [ view_template ] --END-- [ RunTime:0.000584s ]
INFO: [ view_parse ] --START--
INFO: Run ParseTemplate Behavior [ RunTime:0.011952s ]
INFO: [ view_parse ] --END-- [ RunTime:0.012056s ]
INFO: [ view_filter ] --START--
INFO: Run ContentReplace Behavior [ RunTime:0.000239s ]
INFO: Run TokenBuild Behavior [ RunTime:0.000240s ]
INFO: Run WriteHtmlCache Behavior [ RunTime:0.000144s ]
INFO: Run ShowRuntime Behavior [ RunTime:0.000310s ]
INFO: [ view_filter ] --END-- [ RunTime:0.001073s ]
INFO: [ view_end ] --START--
INFO: Run ShowPageTrace Behavior [ RunTime:0.000401s ]
INFO: [ view_end ] --END-- [ RunTime:0.000450s ]

[ 2013-05-24T15:11:36+08:00 ] 0.0.0.0 /~miro/se/index.php/User/
INFO: [ route_check ] --START--
INFO: Run CheckRoute Behavior [ RunTime:0.000572s ]
INFO: [ route_check ] --END-- [ RunTime:0.000647s ]
INFO: [ app_begin ] --START--
INFO: Run ReadHtmlCache Behavior [ RunTime:0.000364s ]
INFO: [ app_begin ] --END-- [ RunTime:0.000420s ]
NOTIC: [8] A session had already been started - ignoring session_start() /Users/miro/developer/ThinkPHP/Common/functions.php 第 566 行.
INFO: [ view_template ] --START--
INFO: Run LocationTemplate Behavior [ RunTime:0.000219s ]
INFO: [ view_template ] --END-- [ RunTime:0.000280s ]
INFO: [ view_parse ] --START--
INFO: Run ParseTemplate Behavior [ RunTime:0.005703s ]
INFO: [ view_parse ] --END-- [ RunTime:0.005809s ]
INFO: [ view_filter ] --START--
INFO: Run ContentReplace Behavior [ RunTime:0.000270s ]
INFO: Run TokenBuild Behavior [ RunTime:0.000238s ]
INFO: Run WriteHtmlCache Behavior [ RunTime:0.000136s ]
INFO: Run ShowRuntime Behavior [ RunTime:0.000297s ]
INFO: [ view_filter ] --END-- [ RunTime:0.001089s ]
INFO: [ view_end ] --START--
INFO: Run ShowPageTrace Behavior [ RunTime:0.000451s ]
INFO: [ view_end ] --END-- [ RunTime:0.000503s ]

[ 2013-05-24T15:26:55+08:00 ] 0.0.0.0 /~miro/se/index.php/User/?
INFO: [ route_check ] --START--
INFO: Run CheckRoute Behavior [ RunTime:0.000582s ]
INFO: [ route_check ] --END-- [ RunTime:0.000655s ]
INFO: [ app_begin ] --START--
INFO: Run ReadHtmlCache Behavior [ RunTime:0.000345s ]
INFO: [ app_begin ] --END-- [ RunTime:0.000396s ]
NOTIC: [8] A session had already been started - ignoring session_start() /Users/miro/developer/ThinkPHP/Common/functions.php 第 566 行.
INFO: [ view_template ] --START--
INFO: Run LocationTemplate Behavior [ RunTime:0.001474s ]
INFO: [ view_template ] --END-- [ RunTime:0.001565s ]
INFO: [ view_parse ] --START--
INFO: Run ParseTemplate Behavior [ RunTime:0.012872s ]
INFO: [ view_parse ] --END-- [ RunTime:0.012968s ]
INFO: [ view_filter ] --START--
INFO: Run ContentReplace Behavior [ RunTime:0.000313s ]
INFO: Run TokenBuild Behavior [ RunTime:0.001138s ]
INFO: Run WriteHtmlCache Behavior [ RunTime:0.000195s ]
INFO: Run ShowRuntime Behavior [ RunTime:0.003018s ]
INFO: [ view_filter ] --END-- [ RunTime:0.004924s ]
INFO: [ view_end ] --START--
INFO: Run ShowPageTrace Behavior [ RunTime:0.000733s ]
INFO: [ view_end ] --END-- [ RunTime:0.000785s ]

[ 2013-05-24T15:27:07+08:00 ] 0.0.0.0 /~miro/se/index.php/User/main
INFO: [ route_check ] --START--
INFO: Run CheckRoute Behavior [ RunTime:0.000566s ]
INFO: [ route_check ] --END-- [ RunTime:0.000642s ]
INFO: [ app_begin ] --START--
INFO: Run ReadHtmlCache Behavior [ RunTime:0.000366s ]
INFO: [ app_begin ] --END-- [ RunTime:0.000417s ]
NOTIC: [8] A session had already been started - ignoring session_start() /Users/miro/developer/ThinkPHP/Common/functions.php 第 566 行.

[ 2013-05-24T15:47:19+08:00 ] 0.0.0.0 /OnlineBooking/
INFO: [ app_begin ] --START--
INFO: Run ReadHtmlCache Behavior [ RunTime:0.000270s ]
INFO: [ app_begin ] --END-- [ RunTime:0.000339s ]
INFO: [ view_template ] --START--
INFO: Run LocationTemplate Behavior [ RunTime:0.000217s ]
INFO: [ view_template ] --END-- [ RunTime:0.000268s ]
INFO: [ view_parse ] --START--
NOTIC: [8] Undefined variable: data /Library/WebServer/Documents/OnlineBooking/Runtime/Cache/2619c7b865c8e3ff3e260e3ad3f71ea2.php 第 6 行.
INFO: Run ParseTemplate Behavior [ RunTime:0.003861s ]
INFO: [ view_parse ] --END-- [ RunTime:0.003896s ]
INFO: [ view_filter ] --START--
INFO: Run ContentReplace Behavior [ RunTime:0.000205s ]
INFO: Run TokenBuild Behavior [ RunTime:0.000208s ]
INFO: Run WriteHtmlCache Behavior [ RunTime:0.000128s ]
INFO: Run ShowRuntime Behavior [ RunTime:0.000208s ]
INFO: [ view_filter ] --END-- [ RunTime:0.000855s ]
INFO: [ view_end ] --START--
INFO: Run ShowPageTrace Behavior [ RunTime:0.000295s ]
INFO: [ view_end ] --END-- [ RunTime:0.000327s ]

[ 2013-05-24T15:47:21+08:00 ] 0.0.0.0 /OnlineBooking/
INFO: [ app_begin ] --START--
INFO: Run ReadHtmlCache Behavior [ RunTime:0.000241s ]
INFO: [ app_begin ] --END-- [ RunTime:0.000301s ]
INFO: [ view_template ] --START--
INFO: Run LocationTemplate Behavior [ RunTime:0.000232s ]
INFO: [ view_template ] --END-- [ RunTime:0.000318s ]
INFO: [ view_parse ] --START--
NOTIC: [8] Undefined variable: data /Library/WebServer/Documents/OnlineBooking/Runtime/Cache/2619c7b865c8e3ff3e260e3ad3f71ea2.php 第 6 行.
INFO: Run ParseTemplate Behavior [ RunTime:0.004394s ]
INFO: [ view_parse ] --END-- [ RunTime:0.004444s ]
INFO: [ view_filter ] --START--
INFO: Run ContentReplace Behavior [ RunTime:0.000179s ]
INFO: Run TokenBuild Behavior [ RunTime:0.000179s ]
INFO: Run WriteHtmlCache Behavior [ RunTime:0.000122s ]
INFO: Run ShowRuntime Behavior [ RunTime:0.000212s ]
INFO: [ view_filter ] --END-- [ RunTime:0.000782s ]
INFO: [ view_end ] --START--
INFO: Run ShowPageTrace Behavior [ RunTime:0.000283s ]
INFO: [ view_end ] --END-- [ RunTime:0.000313s ]

[ 2013-05-24T15:47:22+08:00 ] 0.0.0.0 /OnlineBooking/
INFO: [ app_begin ] --START--
INFO: Run ReadHtmlCache Behavior [ RunTime:0.000262s ]
INFO: [ app_begin ] --END-- [ RunTime:0.000323s ]
INFO: [ view_template ] --START--
INFO: Run LocationTemplate Behavior [ RunTime:0.000198s ]
INFO: [ view_template ] --END-- [ RunTime:0.000249s ]
INFO: [ view_parse ] --START--
NOTIC: [8] Undefined variable: data /Library/WebServer/Documents/OnlineBooking/Runtime/Cache/2619c7b865c8e3ff3e260e3ad3f71ea2.php 第 6 行.
INFO: Run ParseTemplate Behavior [ RunTime:0.003978s ]
INFO: [ view_parse ] --END-- [ RunTime:0.004022s ]
INFO: [ view_filter ] --START--
INFO: Run ContentReplace Behavior [ RunTime:0.000195s ]
INFO: Run TokenBuild Behavior [ RunTime:0.000181s ]
INFO: Run WriteHtmlCache Behavior [ RunTime:0.000131s ]
INFO: Run ShowRuntime Behavior [ RunTime:0.000204s ]
INFO: [ view_filter ] --END-- [ RunTime:0.000804s ]
INFO: [ view_end ] --START--
INFO: Run ShowPageTrace Behavior [ RunTime:0.000374s ]
INFO: [ view_end ] --END-- [ RunTime:0.000406s ]

[ 2013-05-24T15:48:42+08:00 ] 0.0.0.0 /OnlineBooking/
INFO: [ app_begin ] --START--
INFO: Run ReadHtmlCache Behavior [ RunTime:0.000224s ]
INFO: [ app_begin ] --END-- [ RunTime:0.000277s ]
INFO: [ view_template ] --START--
INFO: Run LocationTemplate Behavior [ RunTime:0.000123s ]
INFO: [ view_template ] --END-- [ RunTime:0.000159s ]
INFO: [ view_parse ] --START--
INFO: Run ParseTemplate Behavior [ RunTime:0.003025s ]
INFO: [ view_parse ] --END-- [ RunTime:0.003083s ]
INFO: [ view_filter ] --START--
INFO: Run ContentReplace Behavior [ RunTime:0.000310s ]
INFO: Run TokenBuild Behavior [ RunTime:0.000179s ]
INFO: Run WriteHtmlCache Behavior [ RunTime:0.000133s ]
INFO: Run ShowRuntime Behavior [ RunTime:0.000224s ]
INFO: [ view_filter ] --END-- [ RunTime:0.000964s ]
INFO: [ view_end ] --START--
INFO: Run ShowPageTrace Behavior [ RunTime:0.000275s ]
INFO: [ view_end ] --END-- [ RunTime:0.000311s ]

[ 2013-05-24T15:49:25+08:00 ] 0.0.0.0 /OnlineBooking/
INFO: [ app_begin ] --START--
INFO: Run ReadHtmlCache Behavior [ RunTime:0.000422s ]
INFO: [ app_begin ] --END-- [ RunTime:0.000576s ]
INFO: [ view_template ] --START--
INFO: Run LocationTemplate Behavior [ RunTime:0.000225s ]
INFO: [ view_template ] --END-- [ RunTime:0.000300s ]
INFO: [ view_parse ] --START--
INFO: Run ParseTemplate Behavior [ RunTime:0.003901s ]
INFO: [ view_parse ] --END-- [ RunTime:0.003995s ]
INFO: [ view_filter ] --START--
INFO: Run ContentReplace Behavior [ RunTime:0.000167s ]
INFO: Run TokenBuild Behavior [ RunTime:0.000167s ]
INFO: Run WriteHtmlCache Behavior [ RunTime:0.000108s ]
INFO: Run ShowRuntime Behavior [ RunTime:0.000206s ]
INFO: [ view_filter ] --END-- [ RunTime:0.000761s ]
INFO: [ view_end ] --START--
INFO: Run ShowPageTrace Behavior [ RunTime:0.000318s ]
INFO: [ view_end ] --END-- [ RunTime:0.000355s ]

[ 2013-05-24T15:49:26+08:00 ] 0.0.0.0 /OnlineBooking/
INFO: [ app_begin ] --START--
INFO: Run ReadHtmlCache Behavior [ RunTime:0.000407s ]
INFO: [ app_begin ] --END-- [ RunTime:0.000497s ]
INFO: [ view_template ] --START--
INFO: Run LocationTemplate Behavior [ RunTime:0.000202s ]
INFO: [ view_template ] --END-- [ RunTime:0.000286s ]
INFO: [ view_parse ] --START--
INFO: Run ParseTemplate Behavior [ RunTime:0.003902s ]
INFO: [ view_parse ] --END-- [ RunTime:0.003988s ]
INFO: [ view_filter ] --START--
INFO: Run ContentReplace Behavior [ RunTime:0.000212s ]
INFO: Run TokenBuild Behavior [ RunTime:0.000154s ]
INFO: Run WriteHtmlCache Behavior [ RunTime:0.000100s ]
INFO: Run ShowRuntime Behavior [ RunTime:0.000224s ]
INFO: [ view_filter ] --END-- [ RunTime:0.000827s ]
INFO: [ view_end ] --START--
INFO: Run ShowPageTrace Behavior [ RunTime:0.000299s ]
INFO: [ view_end ] --END-- [ RunTime:0.000340s ]

[ 2013-05-24T15:50:15+08:00 ] 0.0.0.0 /OnlineBooking/
INFO: [ app_begin ] --START--
INFO: Run ReadHtmlCache Behavior [ RunTime:0.000272s ]
INFO: [ app_begin ] --END-- [ RunTime:0.000331s ]
INFO: [ view_template ] --START--
INFO: Run LocationTemplate Behavior [ RunTime:0.000146s ]
INFO: [ view_template ] --END-- [ RunTime:0.000189s ]
INFO: [ view_parse ] --START--
INFO: Run ParseTemplate Behavior [ RunTime:0.003610s ]
INFO: [ view_parse ] --END-- [ RunTime:0.003664s ]
INFO: [ view_filter ] --START--
INFO: Run ContentReplace Behavior [ RunTime:0.000199s ]
INFO: Run TokenBuild Behavior [ RunTime:0.000170s ]
INFO: Run WriteHtmlCache Behavior [ RunTime:0.000105s ]
INFO: Run ShowRuntime Behavior [ RunTime:0.000209s ]
INFO: [ view_filter ] --END-- [ RunTime:0.000795s ]
INFO: [ view_end ] --START--
INFO: Run ShowPageTrace Behavior [ RunTime:0.000278s ]
INFO: [ view_end ] --END-- [ RunTime:0.000314s ]

[ 2013-05-24T15:51:10+08:00 ] 0.0.0.0 /OnlineBooking/
INFO: [ app_begin ] --START--
INFO: Run ReadHtmlCache Behavior [ RunTime:0.000264s ]
INFO: [ app_begin ] --END-- [ RunTime:0.000320s ]
INFO: [ view_template ] --START--
INFO: Run LocationTemplate Behavior [ RunTime:0.000127s ]
INFO: [ view_template ] --END-- [ RunTime:0.000164s ]
INFO: [ view_parse ] --START--
INFO: Run ParseTemplate Behavior [ RunTime:0.002830s ]
INFO: [ view_parse ] --END-- [ RunTime:0.002865s ]
INFO: [ view_filter ] --START--
INFO: Run ContentReplace Behavior [ RunTime:0.000140s ]
INFO: Run TokenBuild Behavior [ RunTime:0.000148s ]
INFO: Run WriteHtmlCache Behavior [ RunTime:0.000092s ]
INFO: Run ShowRuntime Behavior [ RunTime:0.000187s ]
INFO: [ view_filter ] --END-- [ RunTime:0.000671s ]
INFO: [ view_end ] --START--
INFO: Run ShowPageTrace Behavior [ RunTime:0.000268s ]
INFO: [ view_end ] --END-- [ RunTime:0.000302s ]

[ 2013-05-24T15:52:08+08:00 ] 0.0.0.0 /OnlineBooking/index.php/Goods/searchhotel
INFO: [ route_check ] --START--
INFO: Run CheckRoute Behavior [ RunTime:0.000392s ]
INFO: [ route_check ] --END-- [ RunTime:0.000447s ]
INFO: [ app_begin ] --START--
INFO: Run ReadHtmlCache Behavior [ RunTime:0.000230s ]
INFO: [ app_begin ] --END-- [ RunTime:0.000266s ]
INFO: [ view_template ] --START--
INFO: Run LocationTemplate Behavior [ RunTime:0.000171s ]
INFO: [ view_template ] --END-- [ RunTime:0.000217s ]
INFO: [ view_parse ] --START--
INFO: Run ParseTemplate Behavior [ RunTime:0.003407s ]
INFO: [ view_parse ] --END-- [ RunTime:0.003462s ]
INFO: [ view_filter ] --START--
INFO: Run ContentReplace Behavior [ RunTime:0.000177s ]
INFO: Run TokenBuild Behavior [ RunTime:0.000166s ]
INFO: Run WriteHtmlCache Behavior [ RunTime:0.000112s ]
INFO: Run ShowRuntime Behavior [ RunTime:0.000233s ]
INFO: [ view_filter ] --END-- [ RunTime:0.000794s ]
INFO: [ view_end ] --START--
INFO: Run ShowPageTrace Behavior [ RunTime:0.000384s ]
INFO: [ view_end ] --END-- [ RunTime:0.000425s ]

[ 2013-05-24T15:52:13+08:00 ] 0.0.0.0 /OnlineBooking/index.php/Goods/showroom
INFO: [ route_check ] --START--
INFO: Run CheckRoute Behavior [ RunTime:0.000384s ]
INFO: [ route_check ] --END-- [ RunTime:0.000446s ]
INFO: [ app_begin ] --START--
INFO: Run ReadHtmlCache Behavior [ RunTime:0.000228s ]
INFO: [ app_begin ] --END-- [ RunTime:0.000262s ]
NOTIC: [2] mysql_connect(): Access denied for user 'root'@'localhost' (using password: YES) /Library/WebServer/Documents/ThinkPHP/Lib/Driver/Db/DbMysql.class.php 第 55 行.
ERR: Access denied for user 'root'@'localhost' (using password: YES)

[ 2013-05-24T15:52:33+08:00 ] 0.0.0.0 /onlineBooking/index.php/User
INFO: [ route_check ] --START--
INFO: Run CheckRoute Behavior [ RunTime:0.000375s ]
INFO: [ route_check ] --END-- [ RunTime:0.000426s ]
INFO: [ app_begin ] --START--
INFO: Run ReadHtmlCache Behavior [ RunTime:0.000228s ]
INFO: [ app_begin ] --END-- [ RunTime:0.000262s ]
INFO: [ view_template ] --START--
INFO: Run LocationTemplate Behavior [ RunTime:0.000136s ]
INFO: [ view_template ] --END-- [ RunTime:0.000171s ]
INFO: [ view_parse ] --START--
INFO: Run ParseTemplate Behavior [ RunTime:0.003333s ]
INFO: [ view_parse ] --END-- [ RunTime:0.003376s ]
INFO: [ view_filter ] --START--
INFO: Run ContentReplace Behavior [ RunTime:0.000185s ]
INFO: Run TokenBuild Behavior [ RunTime:0.000157s ]
INFO: Run WriteHtmlCache Behavior [ RunTime:0.000100s ]
INFO: Run ShowRuntime Behavior [ RunTime:0.000255s ]
INFO: [ view_filter ] --END-- [ RunTime:0.000794s ]
INFO: [ view_end ] --START--
INFO: Run ShowPageTrace Behavior [ RunTime:0.000334s ]
INFO: [ view_end ] --END-- [ RunTime:0.000371s ]

