[ 2013-05-22T08:08:20+08:00 ] 0.0.0.0 /~miro/se/index.php/Register/register
INFO: [ route_check ] --START--
INFO: Run CheckRoute Behavior [ RunTime:0.001123s ]
INFO: [ route_check ] --END-- [ RunTime:0.001242s ]
INFO: [ app_begin ] --START--
INFO: Run ReadHtmlCache Behavior [ RunTime:0.000804s ]
INFO: [ app_begin ] --END-- [ RunTime:0.000862s ]
NOTIC: [8] A session had already been started - ignoring session_start() /Users/miro/developer/ThinkPHP/Common/functions.php 第 566 行.
INFO: [ view_template ] --START--
INFO: Run LocationTemplate Behavior [ RunTime:0.000823s ]
INFO: [ view_template ] --END-- [ RunTime:0.000941s ]
INFO: [ view_parse ] --START--
INFO: Run ParseTemplate Behavior [ RunTime:0.019683s ]
INFO: [ view_parse ] --END-- [ RunTime:0.019792s ]
INFO: [ view_filter ] --START--
INFO: Run ContentReplace Behavior [ RunTime:0.000707s ]
INFO: Run TokenBuild Behavior [ RunTime:0.000668s ]
INFO: Run WriteHtmlCache Behavior [ RunTime:0.000559s ]
INFO: Run ShowRuntime Behavior [ RunTime:0.000743s ]
INFO: [ view_filter ] --END-- [ RunTime:0.002850s ]
INFO: [ view_end ] --START--
INFO: Run ShowPageTrace Behavior [ RunTime:0.000918s ]
INFO: [ view_end ] --END-- [ RunTime:0.000978s ]

[ 2013-05-22T11:30:14+08:00 ] 0.0.0.0 /~miro/se/index.php/User/register
INFO: [ route_check ] --START--
INFO: Run CheckRoute Behavior [ RunTime:0.001864s ]
INFO: [ route_check ] --END-- [ RunTime:0.002410s ]
INFO: [ app_begin ] --START--
INFO: Run ReadHtmlCache Behavior [ RunTime:0.000820s ]
INFO: [ app_begin ] --END-- [ RunTime:0.000879s ]
NOTIC: [8] A session had already been started - ignoring session_start() /Users/miro/developer/ThinkPHP/Common/functions.php 第 566 行.
INFO: [ view_template ] --START--
INFO: Run LocationTemplate Behavior [ RunTime:0.000770s ]
INFO: [ view_template ] --END-- [ RunTime:0.000889s ]
INFO: [ view_parse ] --START--
INFO: Run ParseTemplate Behavior [ RunTime:0.010458s ]
INFO: [ view_parse ] --END-- [ RunTime:0.010560s ]
INFO: [ view_filter ] --START--
INFO: Run ContentReplace Behavior [ RunTime:0.001184s ]
INFO: Run TokenBuild Behavior [ RunTime:0.000766s ]
INFO: Run WriteHtmlCache Behavior [ RunTime:0.000351s ]
INFO: Run ShowRuntime Behavior [ RunTime:0.000538s ]
INFO: [ view_filter ] --END-- [ RunTime:0.003014s ]
INFO: [ view_end ] --START--
INFO: Run ShowPageTrace Behavior [ RunTime:0.000893s ]
INFO: [ view_end ] --END-- [ RunTime:0.000948s ]

[ 2013-05-22T11:30:21+08:00 ] 0.0.0.0 /~miro/se/index.php/User/insert
INFO: [ route_check ] --START--
INFO: Run CheckRoute Behavior [ RunTime:0.000762s ]
INFO: [ route_check ] --END-- [ RunTime:0.000916s ]
INFO: [ app_begin ] --START--
INFO: Run ReadHtmlCache Behavior [ RunTime:0.000441s ]
INFO: [ app_begin ] --END-- [ RunTime:0.000507s ]
NOTIC: [8] A session had already been started - ignoring session_start() /Users/miro/developer/ThinkPHP/Common/functions.php 第 566 行.
SQL: SHOW COLUMNS FROM `se_user` [ RunTime:0.140593s ]
INFO: [ view_template ] --START--
INFO: Run LocationTemplate Behavior [ RunTime:0.000590s ]
INFO: [ view_template ] --END-- [ RunTime:0.000704s ]
INFO: [ view_parse ] --START--
INFO: Run ParseTemplate Behavior [ RunTime:0.076922s ]
INFO: [ view_parse ] --END-- [ RunTime:0.077028s ]
INFO: [ view_filter ] --START--
INFO: Run ContentReplace Behavior [ RunTime:0.000342s ]
INFO: Run TokenBuild Behavior [ RunTime:0.000299s ]
INFO: Run WriteHtmlCache Behavior [ RunTime:0.000184s ]
INFO: Run ShowRuntime Behavior [ RunTime:0.000383s ]
INFO: [ view_filter ] --END-- [ RunTime:0.001398s ]
INFO: [ view_end ] --START--
INFO: Run ShowPageTrace Behavior [ RunTime:0.000621s ]
INFO: [ view_end ] --END-- [ RunTime:0.000692s ]

[ 2013-05-22T11:30:38+08:00 ] 0.0.0.0 /~miro/se/index.php/User/insert
INFO: [ route_check ] --START--
INFO: Run CheckRoute Behavior [ RunTime:0.000618s ]
INFO: [ route_check ] --END-- [ RunTime:0.000697s ]
INFO: [ app_begin ] --START--
INFO: Run ReadHtmlCache Behavior [ RunTime:0.000359s ]
INFO: [ app_begin ] --END-- [ RunTime:0.000409s ]
NOTIC: [8] A session had already been started - ignoring session_start() /Users/miro/developer/ThinkPHP/Common/functions.php 第 566 行.
SQL: SHOW COLUMNS FROM `se_user` [ RunTime:0.002324s ]
SQL: INSERT INTO `se_user` (`f_name`,`l_name`,`password`) VALUES ('云鹏','陈','123456') [ RunTime:0.096483s ]
INFO: [ view_template ] --START--
INFO: Run LocationTemplate Behavior [ RunTime:0.000314s ]
INFO: [ view_template ] --END-- [ RunTime:0.000381s ]
INFO: [ view_parse ] --START--
INFO: Run ParseTemplate Behavior [ RunTime:0.006685s ]
INFO: [ view_parse ] --END-- [ RunTime:0.006802s ]
INFO: [ view_filter ] --START--
INFO: Run ContentReplace Behavior [ RunTime:0.000274s ]
INFO: Run TokenBuild Behavior [ RunTime:0.000241s ]
INFO: Run WriteHtmlCache Behavior [ RunTime:0.000146s ]
INFO: Run ShowRuntime Behavior [ RunTime:0.000304s ]
INFO: [ view_filter ] --END-- [ RunTime:0.001119s ]
INFO: [ view_end ] --START--
INFO: Run ShowPageTrace Behavior [ RunTime:0.000593s ]
INFO: [ view_end ] --END-- [ RunTime:0.000651s ]

[ 2013-05-22T11:30:39+08:00 ] 0.0.0.0 /~miro/se/index.php/User/register
INFO: [ route_check ] --START--
INFO: Run CheckRoute Behavior [ RunTime:0.000605s ]
INFO: [ route_check ] --END-- [ RunTime:0.000689s ]
INFO: [ app_begin ] --START--
INFO: Run ReadHtmlCache Behavior [ RunTime:0.000593s ]
INFO: [ app_begin ] --END-- [ RunTime:0.000657s ]
NOTIC: [8] A session had already been started - ignoring session_start() /Users/miro/developer/ThinkPHP/Common/functions.php 第 566 行.
INFO: [ view_template ] --START--
INFO: Run LocationTemplate Behavior [ RunTime:0.000287s ]
INFO: [ view_template ] --END-- [ RunTime:0.000364s ]
INFO: [ view_parse ] --START--
INFO: Run ParseTemplate Behavior [ RunTime:0.004833s ]
INFO: [ view_parse ] --END-- [ RunTime:0.005029s ]
INFO: [ view_filter ] --START--
INFO: Run ContentReplace Behavior [ RunTime:0.000250s ]
INFO: Run TokenBuild Behavior [ RunTime:0.000216s ]
INFO: Run WriteHtmlCache Behavior [ RunTime:0.000147s ]
INFO: Run ShowRuntime Behavior [ RunTime:0.000285s ]
INFO: [ view_filter ] --END-- [ RunTime:0.001034s ]
INFO: [ view_end ] --START--
INFO: Run ShowPageTrace Behavior [ RunTime:0.000400s ]
INFO: [ view_end ] --END-- [ RunTime:0.000449s ]

[ 2013-05-22T11:44:29+08:00 ] 0.0.0.0 /~miro/se/index.php/User/register
INFO: [ route_check ] --START--
INFO: Run CheckRoute Behavior [ RunTime:0.000920s ]
INFO: [ route_check ] --END-- [ RunTime:0.001015s ]
INFO: [ app_begin ] --START--
INFO: Run ReadHtmlCache Behavior [ RunTime:0.001017s ]
INFO: [ app_begin ] --END-- [ RunTime:0.001090s ]
NOTIC: [8] A session had already been started - ignoring session_start() /Users/miro/developer/ThinkPHP/Common/functions.php 第 566 行.
INFO: [ view_template ] --START--
INFO: Run LocationTemplate Behavior [ RunTime:0.000588s ]
INFO: [ view_template ] --END-- [ RunTime:0.000654s ]
INFO: [ view_parse ] --START--
INFO: Run ParseTemplate Behavior [ RunTime:0.029217s ]
INFO: [ view_parse ] --END-- [ RunTime:0.029307s ]
INFO: [ view_filter ] --START--
INFO: Run ContentReplace Behavior [ RunTime:0.000474s ]
INFO: Run TokenBuild Behavior [ RunTime:0.000611s ]
INFO: Run WriteHtmlCache Behavior [ RunTime:0.000469s ]
INFO: Run ShowRuntime Behavior [ RunTime:0.000517s ]
INFO: [ view_filter ] --END-- [ RunTime:0.002249s ]
INFO: [ view_end ] --START--
INFO: Run ShowPageTrace Behavior [ RunTime:0.000670s ]
INFO: [ view_end ] --END-- [ RunTime:0.000727s ]

[ 2013-05-22T11:44:31+08:00 ] 0.0.0.0 /~miro/se/index.php/User/insert
INFO: [ route_check ] --START--
INFO: Run CheckRoute Behavior [ RunTime:0.000568s ]
INFO: [ route_check ] --END-- [ RunTime:0.000646s ]
INFO: [ app_begin ] --START--
INFO: Run ReadHtmlCache Behavior [ RunTime:0.000662s ]
INFO: [ app_begin ] --END-- [ RunTime:0.000749s ]
NOTIC: [8] A session had already been started - ignoring session_start() /Users/miro/developer/ThinkPHP/Common/functions.php 第 566 行.
SQL: SHOW COLUMNS FROM `se_user` [ RunTime:0.001826s ]
INFO: [ view_template ] --START--
INFO: Run LocationTemplate Behavior [ RunTime:0.000377s ]
INFO: [ view_template ] --END-- [ RunTime:0.000444s ]
INFO: [ view_parse ] --START--
INFO: Run ParseTemplate Behavior [ RunTime:0.007518s ]
INFO: [ view_parse ] --END-- [ RunTime:0.007599s ]
INFO: [ view_filter ] --START--
INFO: Run ContentReplace Behavior [ RunTime:0.000285s ]
INFO: Run TokenBuild Behavior [ RunTime:0.000281s ]
INFO: Run WriteHtmlCache Behavior [ RunTime:0.000188s ]
INFO: Run ShowRuntime Behavior [ RunTime:0.000431s ]
INFO: [ view_filter ] --END-- [ RunTime:0.001369s ]
INFO: [ view_end ] --START--
INFO: Run ShowPageTrace Behavior [ RunTime:0.000541s ]
INFO: [ view_end ] --END-- [ RunTime:0.000600s ]

[ 2013-05-22T11:44:39+08:00 ] 0.0.0.0 /~miro/se/index.php/User/insert
INFO: [ route_check ] --START--
INFO: Run CheckRoute Behavior [ RunTime:0.000641s ]
INFO: [ route_check ] --END-- [ RunTime:0.000725s ]
INFO: [ app_begin ] --START--
INFO: Run ReadHtmlCache Behavior [ RunTime:0.000371s ]
INFO: [ app_begin ] --END-- [ RunTime:0.000423s ]
NOTIC: [8] A session had already been started - ignoring session_start() /Users/miro/developer/ThinkPHP/Common/functions.php 第 566 行.
SQL: SHOW COLUMNS FROM `se_user` [ RunTime:0.002689s ]
SQL: INSERT INTO `se_user` (`name`,`password`) VALUES ('haha','lala') [ RunTime:0.001540s ]
INFO: [ view_template ] --START--
INFO: Run LocationTemplate Behavior [ RunTime:0.000374s ]
INFO: [ view_template ] --END-- [ RunTime:0.000433s ]
INFO: [ view_parse ] --START--
INFO: Run ParseTemplate Behavior [ RunTime:0.011742s ]
INFO: [ view_parse ] --END-- [ RunTime:0.011857s ]
INFO: [ view_filter ] --START--
INFO: Run ContentReplace Behavior [ RunTime:0.000272s ]
INFO: Run TokenBuild Behavior [ RunTime:0.000225s ]
INFO: Run WriteHtmlCache Behavior [ RunTime:0.000140s ]
INFO: Run ShowRuntime Behavior [ RunTime:0.000381s ]
INFO: [ view_filter ] --END-- [ RunTime:0.001157s ]
INFO: [ view_end ] --START--
INFO: Run ShowPageTrace Behavior [ RunTime:0.000528s ]
INFO: [ view_end ] --END-- [ RunTime:0.000579s ]

[ 2013-05-22T11:44:40+08:00 ] 0.0.0.0 /~miro/se/index.php/User/register
INFO: [ route_check ] --START--
INFO: Run CheckRoute Behavior [ RunTime:0.000593s ]
INFO: [ route_check ] --END-- [ RunTime:0.000676s ]
INFO: [ app_begin ] --START--
INFO: Run ReadHtmlCache Behavior [ RunTime:0.000352s ]
INFO: [ app_begin ] --END-- [ RunTime:0.000402s ]
NOTIC: [8] A session had already been started - ignoring session_start() /Users/miro/developer/ThinkPHP/Common/functions.php 第 566 行.
INFO: [ view_template ] --START--
INFO: Run LocationTemplate Behavior [ RunTime:0.000207s ]
INFO: [ view_template ] --END-- [ RunTime:0.000263s ]
INFO: [ view_parse ] --START--
INFO: Run ParseTemplate Behavior [ RunTime:0.009594s ]
INFO: [ view_parse ] --END-- [ RunTime:0.009680s ]
INFO: [ view_filter ] --START--
INFO: Run ContentReplace Behavior [ RunTime:0.000253s ]
INFO: Run TokenBuild Behavior [ RunTime:0.000244s ]
INFO: Run WriteHtmlCache Behavior [ RunTime:0.000134s ]
INFO: Run ShowRuntime Behavior [ RunTime:0.000299s ]
INFO: [ view_filter ] --END-- [ RunTime:0.001072s ]
INFO: [ view_end ] --START--
INFO: Run ShowPageTrace Behavior [ RunTime:0.000411s ]
INFO: [ view_end ] --END-- [ RunTime:0.000459s ]

[ 2013-05-22T11:46:07+08:00 ] 0.0.0.0 /~miro/se/index.php/
INFO: [ route_check ] --START--
INFO: Run CheckRoute Behavior [ RunTime:0.000561s ]
INFO: [ route_check ] --END-- [ RunTime:0.000634s ]
INFO: [ app_begin ] --START--
INFO: Run ReadHtmlCache Behavior [ RunTime:0.000377s ]
INFO: [ app_begin ] --END-- [ RunTime:0.000433s ]
NOTIC: [8] A session had already been started - ignoring session_start() /Users/miro/developer/ThinkPHP/Common/functions.php 第 566 行.
SQL: SHOW COLUMNS FROM `se_user` [ RunTime:0.001966s ]
SQL: SELECT * FROM `se_user`  [ RunTime:0.000383s ]
INFO: [ view_template ] --START--
INFO: Run LocationTemplate Behavior [ RunTime:0.000386s ]
INFO: [ view_template ] --END-- [ RunTime:0.000442s ]
INFO: [ view_parse ] --START--
INFO: Run ParseTemplate Behavior [ RunTime:0.006284s ]
INFO: [ view_parse ] --END-- [ RunTime:0.006367s ]
INFO: [ view_filter ] --START--
INFO: Run ContentReplace Behavior [ RunTime:0.000285s ]
INFO: Run TokenBuild Behavior [ RunTime:0.000236s ]
INFO: Run WriteHtmlCache Behavior [ RunTime:0.000145s ]
INFO: Run ShowRuntime Behavior [ RunTime:0.000299s ]
INFO: [ view_filter ] --END-- [ RunTime:0.001131s ]
INFO: [ view_end ] --START--
INFO: Run ShowPageTrace Behavior [ RunTime:0.000444s ]
INFO: [ view_end ] --END-- [ RunTime:0.000499s ]

[ 2013-05-22T22:36:20+08:00 ] 0.0.0.0 /~miro/se/index.php/User/register
INFO: [ route_check ] --START--
INFO: Run CheckRoute Behavior [ RunTime:0.001858s ]
INFO: [ route_check ] --END-- [ RunTime:0.002398s ]
INFO: [ app_begin ] --START--
INFO: Run ReadHtmlCache Behavior [ RunTime:0.000984s ]
INFO: [ app_begin ] --END-- [ RunTime:0.001076s ]
NOTIC: [8] A session had already been started - ignoring session_start() /Users/miro/developer/ThinkPHP/Common/functions.php 第 566 行.
INFO: [ view_template ] --START--
INFO: Run LocationTemplate Behavior [ RunTime:0.000829s ]
INFO: [ view_template ] --END-- [ RunTime:0.000922s ]
INFO: [ view_parse ] --START--
INFO: Run ParseTemplate Behavior [ RunTime:0.039111s ]
INFO: [ view_parse ] --END-- [ RunTime:0.039212s ]
INFO: [ view_filter ] --START--
INFO: Run ContentReplace Behavior [ RunTime:0.000515s ]
INFO: Run TokenBuild Behavior [ RunTime:0.000534s ]
INFO: Run WriteHtmlCache Behavior [ RunTime:0.000475s ]
INFO: Run ShowRuntime Behavior [ RunTime:0.000586s ]
INFO: [ view_filter ] --END-- [ RunTime:0.002297s ]
INFO: [ view_end ] --START--
INFO: Run ShowPageTrace Behavior [ RunTime:0.000930s ]
INFO: [ view_end ] --END-- [ RunTime:0.000994s ]

[ 2013-05-22T22:38:34+08:00 ] 0.0.0.0 /~miro/se/index.php/User/register
INFO: [ route_check ] --START--
INFO: Run CheckRoute Behavior [ RunTime:0.000710s ]
INFO: [ route_check ] --END-- [ RunTime:0.000893s ]
INFO: [ app_begin ] --START--
INFO: Run ReadHtmlCache Behavior [ RunTime:0.000381s ]
INFO: [ app_begin ] --END-- [ RunTime:0.000438s ]
NOTIC: [8] A session had already been started - ignoring session_start() /Users/miro/developer/ThinkPHP/Common/functions.php 第 566 行.
INFO: [ view_template ] --START--
INFO: Run LocationTemplate Behavior [ RunTime:0.000262s ]
INFO: [ view_template ] --END-- [ RunTime:0.000335s ]
INFO: [ view_parse ] --START--
INFO: Run ParseTemplate Behavior [ RunTime:0.006791s ]
INFO: [ view_parse ] --END-- [ RunTime:0.006879s ]
INFO: [ view_filter ] --START--
INFO: Run ContentReplace Behavior [ RunTime:0.000259s ]
INFO: Run TokenBuild Behavior [ RunTime:0.000239s ]
INFO: Run WriteHtmlCache Behavior [ RunTime:0.000154s ]
INFO: Run ShowRuntime Behavior [ RunTime:0.000369s ]
INFO: [ view_filter ] --END-- [ RunTime:0.001165s ]
INFO: [ view_end ] --START--
INFO: Run ShowPageTrace Behavior [ RunTime:0.000455s ]
INFO: [ view_end ] --END-- [ RunTime:0.000511s ]

[ 2013-05-22T22:38:43+08:00 ] 0.0.0.0 /~miro/se/index.php/User/insert
INFO: [ route_check ] --START--
INFO: Run CheckRoute Behavior [ RunTime:0.000595s ]
INFO: [ route_check ] --END-- [ RunTime:0.000685s ]
INFO: [ app_begin ] --START--
INFO: Run ReadHtmlCache Behavior [ RunTime:0.000347s ]
INFO: [ app_begin ] --END-- [ RunTime:0.000398s ]
NOTIC: [8] A session had already been started - ignoring session_start() /Users/miro/developer/ThinkPHP/Common/functions.php 第 566 行.
SQL: SHOW COLUMNS FROM `se_user` [ RunTime:0.147156s ]
SQL: INSERT INTO `se_user` (`name`,`password`,`status`) VALUES ('roufan','1234',1) [ RunTime:0.080522s ]
INFO: [ view_template ] --START--
INFO: Run LocationTemplate Behavior [ RunTime:0.000360s ]
INFO: [ view_template ] --END-- [ RunTime:0.000424s ]
INFO: [ view_parse ] --START--
INFO: Run ParseTemplate Behavior [ RunTime:0.067785s ]
INFO: [ view_parse ] --END-- [ RunTime:0.067984s ]
INFO: [ view_filter ] --START--
INFO: Run ContentReplace Behavior [ RunTime:0.000309s ]
INFO: Run TokenBuild Behavior [ RunTime:0.000248s ]
INFO: Run WriteHtmlCache Behavior [ RunTime:0.000149s ]
INFO: Run ShowRuntime Behavior [ RunTime:0.000315s ]
INFO: [ view_filter ] --END-- [ RunTime:0.001182s ]
INFO: [ view_end ] --START--
INFO: Run ShowPageTrace Behavior [ RunTime:0.000497s ]
INFO: [ view_end ] --END-- [ RunTime:0.000556s ]

[ 2013-05-22T22:38:44+08:00 ] 0.0.0.0 /~miro/se/index.php/User/register
INFO: [ route_check ] --START--
INFO: Run CheckRoute Behavior [ RunTime:0.000699s ]
INFO: [ route_check ] --END-- [ RunTime:0.000793s ]
INFO: [ app_begin ] --START--
INFO: Run ReadHtmlCache Behavior [ RunTime:0.000501s ]
INFO: [ app_begin ] --END-- [ RunTime:0.000561s ]
NOTIC: [8] A session had already been started - ignoring session_start() /Users/miro/developer/ThinkPHP/Common/functions.php 第 566 行.
INFO: [ view_template ] --START--
INFO: Run LocationTemplate Behavior [ RunTime:0.000272s ]
INFO: [ view_template ] --END-- [ RunTime:0.000335s ]
INFO: [ view_parse ] --START--
INFO: Run ParseTemplate Behavior [ RunTime:0.006742s ]
INFO: [ view_parse ] --END-- [ RunTime:0.006826s ]
INFO: [ view_filter ] --START--
INFO: Run ContentReplace Behavior [ RunTime:0.000219s ]
INFO: Run TokenBuild Behavior [ RunTime:0.000214s ]
INFO: Run WriteHtmlCache Behavior [ RunTime:0.000131s ]
INFO: Run ShowRuntime Behavior [ RunTime:0.000285s ]
INFO: [ view_filter ] --END-- [ RunTime:0.000987s ]
INFO: [ view_end ] --START--
INFO: Run ShowPageTrace Behavior [ RunTime:0.000625s ]
INFO: [ view_end ] --END-- [ RunTime:0.000676s ]

